Using pre-set license
Built from '2021.3/staging' branch; Version is '2021.3.15f1 (e8e88683f834) revision 15263878'; Using compiler version '192829333'; Build Type 'Release'
OS: 'Windows 10  (10.0.19044) 64bit Core' Language: 'fr' Physical Memory: 8097 MB
BatchMode: 1, IsHumanControllingUs: 0, StartBugReporterOnCrash: 0, Is64bit: 1, IsPro: 1

COMMAND LINE ARGUMENTS:
D:\unity\2021.3.15f1\Editor\Unity.exe
-adb2
-batchMode
-noUpm
-name
AssetImportWorker6
-projectPath
D:/ENjmin/unity/nano/Nitrochondrie
-logFile
Logs/AssetImportWorker6.log
-srvPort
52352
Successfully changed project path to: D:/ENjmin/unity/nano/Nitrochondrie
D:/ENjmin/unity/nano/Nitrochondrie
[UnityMemory] Configuration Parameters - Can be set up in boot.config
    "memorysetup-bucket-allocator-granularity=16"
    "memorysetup-bucket-allocator-bucket-count=8"
    "memorysetup-bucket-allocator-block-size=33554432"
    "memorysetup-bucket-allocator-block-count=8"
    "memorysetup-main-allocator-block-size=16777216"
    "memorysetup-thread-allocator-block-size=16777216"
    "memorysetup-gfx-main-allocator-block-size=16777216"
    "memorysetup-gfx-thread-allocator-block-size=16777216"
    "memorysetup-cache-allocator-block-size=4194304"
    "memorysetup-typetree-allocator-block-size=2097152"
    "memorysetup-profiler-bucket-allocator-granularity=16"
    "memorysetup-profiler-bucket-allocator-bucket-count=8"
    "memorysetup-profiler-bucket-allocator-block-size=33554432"
    "memorysetup-profiler-bucket-allocator-block-count=8"
    "memorysetup-profiler-allocator-block-size=16777216"
    "memorysetup-profiler-editor-allocator-block-size=1048576"
    "memorysetup-temp-allocator-size-main=16777216"
    "memorysetup-job-temp-allocator-block-size=2097152"
    "memorysetup-job-temp-allocator-block-size-background=1048576"
    "memorysetup-job-temp-allocator-reduction-small-platforms=262144"
    "memorysetup-temp-allocator-size-background-worker=32768"
    "memorysetup-temp-allocator-size-job-worker=262144"
    "memorysetup-temp-allocator-size-preload-manager=33554432"
    "memorysetup-temp-allocator-size-nav-mesh-worker=65536"
    "memorysetup-temp-allocator-size-audio-worker=65536"
    "memorysetup-temp-allocator-size-cloud-worker=32768"
    "memorysetup-temp-allocator-size-gi-baking-worker=262144"
    "memorysetup-temp-allocator-size-gfx=262144"
Player connection [18356] Host "[IP] 192.168.242.233 [Port] 0 [Flags] 2 [Guid] 1505236379 [EditorId] 1505236379 [Version] 1048832 [Id] WindowsEditor(7,BoBWaW) [Debug] 1 [PackageName] WindowsEditor [ProjectName] Editor" joined multi-casting on [225.0.0.222:54997]...

Player connection [18356] Host "[IP] 192.168.242.233 [Port] 0 [Flags] 2 [Guid] 1505236379 [EditorId] 1505236379 [Version] 1048832 [Id] WindowsEditor(7,BoBWaW) [Debug] 1 [PackageName] WindowsEditor [ProjectName] Editor" joined alternative multi-casting on [225.0.0.222:34997]...

Refreshing native plugins compatible for Editor in 173.86 ms, found 4 plugins.
Preloading 0 native plugins for Editor in 0.00 ms.
Initialize engine version: 2021.3.15f1 (e8e88683f834)
[Subsystems] Discovering subsystems at path D:/unity/2021.3.15f1/Editor/Data/Resources/UnitySubsystems
[Subsystems] Discovering subsystems at path D:/ENjmin/unity/nano/Nitrochondrie/Assets
GfxDevice: creating device client; threaded=0; jobified=0
Direct3D:
    Version:  Direct3D 11.0 [level 11.0]
    Renderer: NVIDIA GeForce GTX 960M (ID=0x139b)
    Vendor:   NVIDIA
    VRAM:     2008 MB
    Driver:   31.0.15.2686
Initialize mono
Mono path[0] = 'D:/unity/2021.3.15f1/Editor/Data/Managed'
Mono path[1] = 'D:/unity/2021.3.15f1/Editor/Data/MonoBleedingEdge/lib/mono/unityjit-win32'
Mono config path = 'D:/unity/2021.3.15f1/Editor/Data/MonoBleedingEdge/etc'
Using monoOptions --debugger-agent=transport=dt_socket,embedding=1,server=y,suspend=n,address=127.0.0.1:56592
Begin MonoManager ReloadAssembly
Registering precompiled unity dll's ...
Register platform support module: D:/unity/2021.3.15f1/Editor/Data/PlaybackEngines/WindowsStandaloneSupport/UnityEditor.WindowsStandalone.Extensions.dll
Registered in 0.004013 seconds.
Native extension for WindowsStandalone target not found
Refreshing native plugins compatible for Editor in 167.02 ms, found 4 plugins.
Preloading 0 native plugins for Editor in 0.00 ms.
Mono: successfully reloaded assembly
- Completed reload, in  0.999 seconds
Domain Reload Profiling:
	ReloadAssembly (999ms)
		BeginReloadAssembly (92ms)
			ExecutionOrderSort (0ms)
			DisableScriptedObjects (0ms)
			BackupInstance (0ms)
			ReleaseScriptingObjects (0ms)
			CreateAndSetChildDomain (1ms)
		EndReloadAssembly (774ms)
			LoadAssemblies (91ms)
			RebuildTransferFunctionScriptingTraits (0ms)
			SetupTypeCache (139ms)
			ReleaseScriptCaches (0ms)
			RebuildScriptCaches (39ms)
			SetupLoadedEditorAssemblies (532ms)
				LogAssemblyErrors (0ms)
				InitializePlatformSupportModulesInManaged (8ms)
				SetLoadedEditorAssemblies (0ms)
				RefreshPlugins (167ms)
				BeforeProcessingInitializeOnLoad (1ms)
				ProcessInitializeOnLoadAttributes (296ms)
				ProcessInitializeOnLoadMethodAttributes (59ms)
				AfterProcessingInitializeOnLoad (0ms)
				EditorAssembliesLoaded (0ms)
			ExecutionOrderSort2 (0ms)
			AwakeInstancesAfterBackupRestoration (0ms)
Platform modules already initialized, skipping
Registering precompiled user dll's ...
Registered in 0.008444 seconds.
Begin MonoManager ReloadAssembly
Symbol file LoadedFromMemory doesn't match image D:\ENjmin\unity\nano\Nitrochondrie\Library\PackageCache\com.unity.visualscripting@1.7.8\Editor\VisualScripting.Core\Dependencies\YamlDotNet\Unity.VisualScripting.YamlDotNet.dll
Symbol file LoadedFromMemory doesn't match image D:\ENjmin\unity\nano\Nitrochondrie\Library\PackageCache\com.unity.visualscripting@1.7.8\Editor\VisualScripting.Core\Dependencies\DotNetZip\Unity.VisualScripting.IonicZip.dll
Native extension for WindowsStandalone target not found
Refreshing native plugins compatible for Editor in 205.12 ms, found 4 plugins.
Preloading 0 native plugins for Editor in 0.00 ms.
Mono: successfully reloaded assembly
- Completed reload, in  4.949 seconds
Domain Reload Profiling:
	ReloadAssembly (4950ms)
		BeginReloadAssembly (171ms)
			ExecutionOrderSort (0ms)
			DisableScriptedObjects (8ms)
			BackupInstance (0ms)
			ReleaseScriptingObjects (0ms)
			CreateAndSetChildDomain (35ms)
		EndReloadAssembly (4455ms)
			LoadAssemblies (2669ms)
			RebuildTransferFunctionScriptingTraits (0ms)
			SetupTypeCache (483ms)
			ReleaseScriptCaches (1ms)
			RebuildScriptCaches (128ms)
			SetupLoadedEditorAssemblies (1117ms)
				LogAssemblyErrors (0ms)
				InitializePlatformSupportModulesInManaged (5ms)
				SetLoadedEditorAssemblies (0ms)
				RefreshPlugins (205ms)
				BeforeProcessingInitializeOnLoad (205ms)
				ProcessInitializeOnLoadAttributes (509ms)
				ProcessInitializeOnLoadMethodAttributes (187ms)
				AfterProcessingInitializeOnLoad (5ms)
				EditorAssembliesLoaded (0ms)
			ExecutionOrderSort2 (0ms)
			AwakeInstancesAfterBackupRestoration (9ms)
Platform modules already initialized, skipping
========================================================================
Worker process is ready to serve import requests
Launched and connected shader compiler UnityShaderCompiler.exe after 0.50 seconds
Refreshing native plugins compatible for Editor in 1.97 ms, found 4 plugins.
Preloading 0 native plugins for Editor in 0.00 ms.
Unloading 5851 Unused Serialized files (Serialized files now loaded: 0)
Unloading 46 unused Assets / (0.7 MB). Loaded Objects now: 6306.
Memory consumption went from 227.1 MB to 226.4 MB.
Total: 8.315800 ms (FindLiveObjects: 1.124700 ms CreateObjectMapping: 1.452700 ms MarkObjects: 5.136700 ms  DeleteObjects: 0.600200 ms)

AssetImportParameters requested are different than current active one (requested -> active):
  custom:video-decoder-ogg-theora: a1e56fd34408186e4bbccfd4996cb3dc -> 
  custom:container-muxer-webm: aa71ff27fc2769a1b78a27578f13a17b -> 
  custom:container-demuxer-webm: 4f35f7cbe854078d1ac9338744f61a02 -> 
  custom:video-encoder-webm-vp8: eb34c28f22e8b96e1ab97ce403110664 -> 
  custom:audio-encoder-webm-vorbis: bf7c407c2cedff20999df2af8eb42d56 -> 
  custom:framework-win-MediaFoundation: 216162199b28c13a410421893ffa2e32 -> 
  custom:container-demuxer-ogg: 62fdf1f143b41e24485cea50d1cbac27 -> 
  custom:video-decoder-webm-vp8: 9c59270c3fd7afecdb556c50c9e8de78 -> 
  custom:audio-decoder-ogg-vorbis: bf7c407c2cedff20999df2af8eb42d56 -> 
========================================================================
Received Import Request.
  Time since last request: 241149.390040 seconds.
  path: Assets/Material/Shaders/Shader Graphs_Triplanar.mat
  artifactKey: Guid(c070e16173d7c134e9ac3379518c6cf4) Importer(815301076,1909f56bfc062723c751e8b465ee728b)
Start importing Assets/Material/Shaders/Shader Graphs_Triplanar.mat using Guid(c070e16173d7c134e9ac3379518c6cf4) Importer(815301076,1909f56bfc062723c751e8b465ee728b)  -> (artifact id: '5c441a0af49a3ab3a18988670f5d16b4') in 1.640031 seconds 
========================================================================
Received Import Request.
  Time since last request: 82.898827 seconds.
  path: Assets/Material/Shaders/Triplanar.shadergraph
  artifactKey: Guid(4ed1e1c6a8bc1b24a9c31970c8d8956d) Importer(815301076,1909f56bfc062723c751e8b465ee728b)
Start importing Assets/Material/Shaders/Triplanar.shadergraph using Guid(4ed1e1c6a8bc1b24a9c31970c8d8956d) Importer(815301076,1909f56bfc062723c751e8b465ee728b)  -> (artifact id: 'db8ae8e6b42204144cc20a3fbab68d88') in 0.040659 seconds 
========================================================================
Received Import Request.
  Time since last request: 31.893716 seconds.
  path: Assets/Material/Shaders/Shader Graphs_Triplanar.mat
  artifactKey: Guid(c070e16173d7c134e9ac3379518c6cf4) Importer(815301076,1909f56bfc062723c751e8b465ee728b)
Start importing Assets/Material/Shaders/Shader Graphs_Triplanar.mat using Guid(c070e16173d7c134e9ac3379518c6cf4) Importer(815301076,1909f56bfc062723c751e8b465ee728b)  -> (artifact id: '8a67a69f4cdd53010e7eb0b7f4bc00d8') in 0.027408 seconds 
========================================================================
Received Import Request.
  Time since last request: 16.917401 seconds.
  path: Assets/Material/Shaders/Shader Graphs_Triplanar.mat
  artifactKey: Guid(c070e16173d7c134e9ac3379518c6cf4) Importer(815301076,1909f56bfc062723c751e8b465ee728b)
Start importing Assets/Material/Shaders/Shader Graphs_Triplanar.mat using Guid(c070e16173d7c134e9ac3379518c6cf4) Importer(815301076,1909f56bfc062723c751e8b465ee728b)  -> (artifact id: 'ffdb79fad91c5c17d0d128bee0d3b894') in 0.023393 seconds 
========================================================================
Received Import Request.
  Time since last request: 105.296671 seconds.
  path: Assets/Material/Shaders/Shader Graphs_Triplanar.mat
  artifactKey: Guid(c070e16173d7c134e9ac3379518c6cf4) Importer(815301076,1909f56bfc062723c751e8b465ee728b)
Start importing Assets/Material/Shaders/Shader Graphs_Triplanar.mat using Guid(c070e16173d7c134e9ac3379518c6cf4) Importer(815301076,1909f56bfc062723c751e8b465ee728b)  -> (artifact id: '1357e640d5c3652316d67f1b41f1bc9b') in 0.017816 seconds 
========================================================================
Received Import Request.
  Time since last request: 51.592470 seconds.
  path: Assets/Material/Shaders/Triplanar.shadergraph
  artifactKey: Guid(4ed1e1c6a8bc1b24a9c31970c8d8956d) Importer(815301076,1909f56bfc062723c751e8b465ee728b)
Start importing Assets/Material/Shaders/Triplanar.shadergraph using Guid(4ed1e1c6a8bc1b24a9c31970c8d8956d) Importer(815301076,1909f56bfc062723c751e8b465ee728b)  -> (artifact id: '0d38c0be091bb095194f5d022c12e331') in 0.009076 seconds 
========================================================================
Received Import Request.
  Time since last request: 661.175445 seconds.
  path: Assets/Material/Textures/istockphoto-538059180-612x612.jpg
  artifactKey: Guid(370c911d5ad92c645a5fe10bdee85267) Importer(815301076,1909f56bfc062723c751e8b465ee728b)
Start importing Assets/Material/Textures/istockphoto-538059180-612x612.jpg using Guid(370c911d5ad92c645a5fe10bdee85267) Importer(815301076,1909f56bfc062723c751e8b465ee728b)  -> (artifact id: '2c14586686fbd8009b270ce8930ff138') in 0.134758 seconds 
========================================================================
Received Import Request.
  Time since last request: 5571.440795 seconds.
  path: Assets/Models
  artifactKey: Guid(1d69daad8becae849acc0074c214382e) Importer(815301076,1909f56bfc062723c751e8b465ee728b)
Start importing Assets/Models using Guid(1d69daad8becae849acc0074c214382e) Importer(815301076,1909f56bfc062723c751e8b465ee728b)  -> (artifact id: '3b66f0187becc26a67560cc5c23a35dd') in 0.067812 seconds 
========================================================================
Received Import Request.
  Time since last request: 14.441805 seconds.
  path: Assets/Models/LDModulaire
  artifactKey: Guid(1bf21e68b41f9964a96d2a17d7d8196b) Importer(815301076,1909f56bfc062723c751e8b465ee728b)
Start importing Assets/Models/LDModulaire using Guid(1bf21e68b41f9964a96d2a17d7d8196b) Importer(815301076,1909f56bfc062723c751e8b465ee728b)  -> (artifact id: '44ce2b70fe995ab8bf4762ccdd76d8ba') in 0.022982 seconds 
========================================================================
Received Import Request.
  Time since last request: 30.786519 seconds.
  path: Assets/Models/LDModulaire/SM_2-to-3-V1.fbx
  artifactKey: Guid(3c97e171965554245af93872a961faf2) Importer(815301076,1909f56bfc062723c751e8b465ee728b)
Start importing Assets/Models/LDModulaire/SM_2-to-3-V1.fbx using Guid(3c97e171965554245af93872a961faf2) Importer(815301076,1909f56bfc062723c751e8b465ee728b)  -> (artifact id: 'e9b915c8a5806f98915231990d5a9daf') in 0.771713 seconds 
========================================================================
Received Import Request.
  Time since last request: 0.000069 seconds.
  path: Assets/Models/LDModulaire/SM_3-to-2.fbx
  artifactKey: Guid(311988fec07053f49a18dbee12d9f7c4) Importer(815301076,1909f56bfc062723c751e8b465ee728b)
Start importing Assets/Models/LDModulaire/SM_3-to-2.fbx using Guid(311988fec07053f49a18dbee12d9f7c4) Importer(815301076,1909f56bfc062723c751e8b465ee728b)  -> (artifact id: '4c481e6a1cd2e04e1ef99b374265895c') in 0.040310 seconds 
========================================================================
Received Import Request.
  Time since last request: 0.000140 seconds.
  path: Assets/Models/LDModulaire/SM_straight-V2.fbx
  artifactKey: Guid(4a3ee3d77b4c55d41b137df3927764e7) Importer(815301076,1909f56bfc062723c751e8b465ee728b)
Start importing Assets/Models/LDModulaire/SM_straight-V2.fbx using Guid(4a3ee3d77b4c55d41b137df3927764e7) Importer(815301076,1909f56bfc062723c751e8b465ee728b)  -> (artifact id: 'c90f27564baf95e1941c89f7c66a2116') in 0.045453 seconds 
========================================================================
Received Import Request.
  Time since last request: 0.000036 seconds.
  path: Assets/Models/LDModulaire/SM_quarterCorner.fbx
  artifactKey: Guid(7a96b3db89df22549bc5b0404da67f5b) Importer(815301076,1909f56bfc062723c751e8b465ee728b)
Start importing Assets/Models/LDModulaire/SM_quarterCorner.fbx using Guid(7a96b3db89df22549bc5b0404da67f5b) Importer(815301076,1909f56bfc062723c751e8b465ee728b)  -> (artifact id: '67b824a0407f4e898198662a506eaea3') in 0.039018 seconds 
========================================================================
Received Import Request.
  Time since last request: 0.000039 seconds.
  path: Assets/Models/LDModulaire/SM_inverted.fbx
  artifactKey: Guid(d543bfbc8c505c2448591af2d8d291b0) Importer(815301076,1909f56bfc062723c751e8b465ee728b)
Start importing Assets/Models/LDModulaire/SM_inverted.fbx using Guid(d543bfbc8c505c2448591af2d8d291b0) Importer(815301076,1909f56bfc062723c751e8b465ee728b)  -> (artifact id: '5cd4eeadbe11d8bd8e05899d4ac90761') in 0.050899 seconds 
========================================================================
Received Import Request.
  Time since last request: 0.000043 seconds.
  path: Assets/Models/LDModulaire/SM_straight-V1.fbx
  artifactKey: Guid(2ee116e3241bb5147ba4bb6675258182) Importer(815301076,1909f56bfc062723c751e8b465ee728b)
Start importing Assets/Models/LDModulaire/SM_straight-V1.fbx using Guid(2ee116e3241bb5147ba4bb6675258182) Importer(815301076,1909f56bfc062723c751e8b465ee728b)  -> (artifact id: '6bb436ed37841a00d2284fd6c7b219dc') in 0.023923 seconds 
========================================================================
Received Import Request.
  Time since last request: 0.000040 seconds.
  path: Assets/Models/LDModulaire/SM_uTurn.fbx
  artifactKey: Guid(53ab56f047dbe2a4690fb1ae15343eee) Importer(815301076,1909f56bfc062723c751e8b465ee728b)
Start importing Assets/Models/LDModulaire/SM_uTurn.fbx using Guid(53ab56f047dbe2a4690fb1ae15343eee) Importer(815301076,1909f56bfc062723c751e8b465ee728b)  -> (artifact id: '48d9db5f7cea06bcb203e2fb466390f6') in 0.029912 seconds 
========================================================================
Received Import Request.
  Time since last request: 309.443793 seconds.
  path: Assets/Material/Shaders/Shader Graphs_Triplanar.mat
  artifactKey: Guid(c070e16173d7c134e9ac3379518c6cf4) Importer(815301076,1909f56bfc062723c751e8b465ee728b)
Start importing Assets/Material/Shaders/Shader Graphs_Triplanar.mat using Guid(c070e16173d7c134e9ac3379518c6cf4) Importer(815301076,1909f56bfc062723c751e8b465ee728b)  -> (artifact id: '65773b8f07b0a7b161146212e43e9dcb') in 0.030790 seconds 
========================================================================
Received Import Request.
  Time since last request: 5592.660764 seconds.
  path: Assets/Material/Shaders/TriplanarSubGraph.shadersubgraph
  artifactKey: Guid(76ad31eb23d085e498a7ae7f6b558def) Importer(815301076,1909f56bfc062723c751e8b465ee728b)
Start importing Assets/Material/Shaders/TriplanarSubGraph.shadersubgraph using Guid(76ad31eb23d085e498a7ae7f6b558def) Importer(815301076,1909f56bfc062723c751e8b465ee728b)  -> (artifact id: '18120c126cbde576ebfabaff22a3c1ed') in 2.809095 seconds 
========================================================================
Received Import Request.
  Time since last request: 61.507760 seconds.
  path: Packages/com.unity.inputsystem/InputSystem/Editor/AssetEditor/Resources/personal/actionTreeBackground.png
  artifactKey: Guid(ce5f11cd993284c4f9c54f854bdc8c9c) Importer(815301076,1909f56bfc062723c751e8b465ee728b)
Start importing Packages/com.unity.inputsystem/InputSystem/Editor/AssetEditor/Resources/personal/actionTreeBackground.png using Guid(ce5f11cd993284c4f9c54f854bdc8c9c) Importer(815301076,1909f56bfc062723c751e8b465ee728b)  -> (artifact id: 'c16c0a3efe5a449f6f40e9ece022268a') in 2.593109 seconds 
========================================================================
Received Import Request.
  Time since last request: 0.000061 seconds.
  path: Packages/com.unity.inputsystem/InputSystem/Editor/Icons/Add Binding.png
  artifactKey: Guid(958a10dec4f3a4764bb345b0aa03510b) Importer(815301076,1909f56bfc062723c751e8b465ee728b)
Start importing Packages/com.unity.inputsystem/InputSystem/Editor/Icons/Add Binding.png using Guid(958a10dec4f3a4764bb345b0aa03510b) Importer(815301076,1909f56bfc062723c751e8b465ee728b)  -> (artifact id: 'f913ae7e0594cc364f8ad73196eab3a9') in 0.402614 seconds 
========================================================================
Received Import Request.
  Time since last request: 0.000048 seconds.
  path: Packages/com.unity.2d.animation/Editor/Assets/SkinningModule/Icons/Light/Bone_Influence@2x.png
  artifactKey: Guid(7395bf0bc3cc40e4ab2dda5ec6832261) Importer(815301076,1909f56bfc062723c751e8b465ee728b)
Start importing Packages/com.unity.2d.animation/Editor/Assets/SkinningModule/Icons/Light/Bone_Influence@2x.png using Guid(7395bf0bc3cc40e4ab2dda5ec6832261) Importer(815301076,1909f56bfc062723c751e8b465ee728b)  -> (artifact id: '4048759425c1427de61dc696faa5fcf5') in 5.170111 seconds 
========================================================================
Received Import Request.
  Time since last request: 0.000089 seconds.
  path: Packages/com.unity.collab-proxy/Editor/Collaborate/Assets/Icons/collaborate-offline-dark@2x.png
  artifactKey: Guid(c9fb8470579cf8440975e58c5df98216) Importer(815301076,1909f56bfc062723c751e8b465ee728b)
Start importing Packages/com.unity.collab-proxy/Editor/Collaborate/Assets/Icons/collaborate-offline-dark@2x.png using Guid(c9fb8470579cf8440975e58c5df98216) Importer(815301076,1909f56bfc062723c751e8b465ee728b)  -> (artifact id: 'f376abf6227cb140c5e69b7d4067d628') in 0.468765 seconds 
========================================================================
Received Import Request.
  Time since last request: 0.000058 seconds.
  path: Packages/com.unity.collab-proxy/Editor/Collaborate/Assets/Icons/collaborate-progress-light@2x.png
  artifactKey: Guid(ae9e7828f0813b04fbe3f839422b2289) Importer(815301076,1909f56bfc062723c751e8b465ee728b)
Start importing Packages/com.unity.collab-proxy/Editor/Collaborate/Assets/Icons/collaborate-progress-light@2x.png using Guid(ae9e7828f0813b04fbe3f839422b2289) Importer(815301076,1909f56bfc062723c751e8b465ee728b)  -> (artifact id: 'aa34c5ef38fab60dee5e226d39d0705e') in 0.323509 seconds 
========================================================================
Received Import Request.
  Time since last request: 0.000088 seconds.
  path: Packages/com.unity.2d.animation/Editor/Assets/SkinningModule/Icons/Selected/Bone_Influence@4x.png
  artifactKey: Guid(daf2ab606d4db0d4f9ecf4c02137d2a8) Importer(815301076,1909f56bfc062723c751e8b465ee728b)
Start importing Packages/com.unity.2d.animation/Editor/Assets/SkinningModule/Icons/Selected/Bone_Influence@4x.png using Guid(daf2ab606d4db0d4f9ecf4c02137d2a8) Importer(815301076,1909f56bfc062723c751e8b465ee728b)  -> (artifact id: '6ce23fd959c07ce39e387c621d6ee773') in 0.500899 seconds 
========================================================================
Received Import Request.
  Time since last request: 0.000038 seconds.
  path: Packages/com.unity.collab-proxy/Editor/Collaborate/Assets/Icons/conflicted-file-dark@2x.png
  artifactKey: Guid(68295f1d2b4db9040ac84ac00d5554a6) Importer(815301076,1909f56bfc062723c751e8b465ee728b)
Start importing Packages/com.unity.collab-proxy/Editor/Collaborate/Assets/Icons/conflicted-file-dark@2x.png using Guid(68295f1d2b4db9040ac84ac00d5554a6) Importer(815301076,1909f56bfc062723c751e8b465ee728b)  -> (artifact id: '6eacda66b655415dbe70feff43ccfc0e') in 0.180659 seconds 
========================================================================
Received Import Request.
  Time since last request: 0.000031 seconds.
  path: Packages/com.unity.inputsystem/InputSystem/Editor/Icons/d_Axis.png
  artifactKey: Guid(34f9452ba2ee14c0b9c976800caef571) Importer(815301076,1909f56bfc062723c751e8b465ee728b)
Start importing Packages/com.unity.inputsystem/InputSystem/Editor/Icons/d_Axis.png using Guid(34f9452ba2ee14c0b9c976800caef571) Importer(815301076,1909f56bfc062723c751e8b465ee728b)  -> (artifact id: '1b52701afbc2a4f8d3a2dc13e040bb08') in 0.365609 seconds 
========================================================================
Received Import Request.
  Time since last request: 0.000036 seconds.
  path: Packages/com.unity.collab-proxy/Editor/Collaborate/Assets/Icons/collaborate-offline-dark.png
  artifactKey: Guid(594fa102c56c0274db9edabc563d7dcb) Importer(815301076,1909f56bfc062723c751e8b465ee728b)
Start importing Packages/com.unity.collab-proxy/Editor/Collaborate/Assets/Icons/collaborate-offline-dark.png using Guid(594fa102c56c0274db9edabc563d7dcb) Importer(815301076,1909f56bfc062723c751e8b465ee728b)  -> (artifact id: '432799c6200f1a96e680e79f07dc5873') in 0.175505 seconds 
========================================================================
Received Import Request.
  Time since last request: 0.000044 seconds.
  path: Packages/com.unity.2d.animation/Editor/Assets/SkinningModule/Icons/Selected/Bone_Influence.png
  artifactKey: Guid(ff00345da0563d641903c5bd5bb748a4) Importer(815301076,1909f56bfc062723c751e8b465ee728b)
Start importing Packages/com.unity.2d.animation/Editor/Assets/SkinningModule/Icons/Selected/Bone_Influence.png using Guid(ff00345da0563d641903c5bd5bb748a4) Importer(815301076,1909f56bfc062723c751e8b465ee728b)  -> (artifact id: '850176e5c2b5c0539deb2df3461134b9') in 0.209580 seconds 
========================================================================
Received Import Request.
  Time since last request: 0.000048 seconds.
  path: Packages/com.unity.inputsystem/InputSystem/Editor/Icons/Add Binding@2x.png
  artifactKey: Guid(bb5fa99d6e9434c9ebf101c956021ee1) Importer(815301076,1909f56bfc062723c751e8b465ee728b)
Start importing Packages/com.unity.inputsystem/InputSystem/Editor/Icons/Add Binding@2x.png using Guid(bb5fa99d6e9434c9ebf101c956021ee1) Importer(815301076,1909f56bfc062723c751e8b465ee728b)  -> (artifact id: '736bfad1e79f3da2d462a6583085a5d8') in 0.148744 seconds 
========================================================================
Received Import Request.
  Time since last request: 0.000071 seconds.
  path: Packages/com.unity.inputsystem/InputSystem/Editor/Icons/Add Binding@4x.png
  artifactKey: Guid(862c5ca31844d4a6d9aa804af982ce65) Importer(815301076,1909f56bfc062723c751e8b465ee728b)
Start importing Packages/com.unity.inputsystem/InputSystem/Editor/Icons/Add Binding@4x.png using Guid(862c5ca31844d4a6d9aa804af982ce65) Importer(815301076,1909f56bfc062723c751e8b465ee728b)  -> (artifact id: '44a93f17d3b54c0199cac9dc85c32631') in 0.143588 seconds 
========================================================================
Received Import Request.
  Time since last request: 0.000033 seconds.
  path: Packages/com.unity.collab-proxy/Editor/Collaborate/Assets/Icons/conflicted-file-dark.png
  artifactKey: Guid(16b10562fce5a0f4794872a75d897cc9) Importer(815301076,1909f56bfc062723c751e8b465ee728b)
Start importing Packages/com.unity.collab-proxy/Editor/Collaborate/Assets/Icons/conflicted-file-dark.png using Guid(16b10562fce5a0f4794872a75d897cc9) Importer(815301076,1909f56bfc062723c751e8b465ee728b)  -> (artifact id: '9dc27c1e8b919a1db6d9e126ee303e42') in 0.160426 seconds 
========================================================================
Received Import Request.
  Time since last request: 0.000037 seconds.
  path: Packages/com.unity.collab-proxy/Editor/Collaborate/Assets/Icons/collaborate-offline-light.png
  artifactKey: Guid(5baffe5f7a6366344b7819fa35e7e030) Importer(815301076,1909f56bfc062723c751e8b465ee728b)
Start importing Packages/com.unity.collab-proxy/Editor/Collaborate/Assets/Icons/collaborate-offline-light.png using Guid(5baffe5f7a6366344b7819fa35e7e030) Importer(815301076,1909f56bfc062723c751e8b465ee728b)  -> (artifact id: '0cfa71da22bad023300d17466ecc2125') in 0.160950 seconds 
========================================================================
Received Import Request.
  Time since last request: 0.000049 seconds.
  path: Packages/com.unity.inputsystem/InputSystem/Editor/Icons/Axis.png
  artifactKey: Guid(7e853779c8fed4ebf917a0de21c79602) Importer(815301076,1909f56bfc062723c751e8b465ee728b)
Start importing Packages/com.unity.inputsystem/InputSystem/Editor/Icons/Axis.png using Guid(7e853779c8fed4ebf917a0de21c79602) Importer(815301076,1909f56bfc062723c751e8b465ee728b)  -> (artifact id: 'db33acb66d1a863c1f9654979924e1f5') in 0.248380 seconds 
========================================================================
Received Import Request.
  Time since last request: 0.000039 seconds.
  path: Packages/com.unity.inputsystem/InputSystem/Editor/AssetEditor/Resources/blue.png
  artifactKey: Guid(33f32142c2c2d4662be5f5274db27158) Importer(815301076,1909f56bfc062723c751e8b465ee728b)
Start importing Packages/com.unity.inputsystem/InputSystem/Editor/AssetEditor/Resources/blue.png using Guid(33f32142c2c2d4662be5f5274db27158) Importer(815301076,1909f56bfc062723c751e8b465ee728b)  -> (artifact id: '68491d04f47bcee5417b9916d62ed70a') in 0.176628 seconds 
========================================================================
Received Import Request.
  Time since last request: 0.000042 seconds.
  path: Packages/com.unity.2d.animation/Editor/Assets/SkinningModule/Icons/Light/Bone.png
  artifactKey: Guid(62ce01ddca719d34ea9648c586a7cc94) Importer(815301076,1909f56bfc062723c751e8b465ee728b)
Start importing Packages/com.unity.2d.animation/Editor/Assets/SkinningModule/Icons/Light/Bone.png using Guid(62ce01ddca719d34ea9648c586a7cc94) Importer(815301076,1909f56bfc062723c751e8b465ee728b)  -> (artifact id: '8fc6113f94944e1a6734ac55edcbb8e4') in 0.159590 seconds 
========================================================================
Received Import Request.
  Time since last request: 0.000036 seconds.
  path: Packages/com.unity.2d.animation/Editor/Assets/SkinningModule/Icons/Selected/Bone_Influence@3x.png
  artifactKey: Guid(68e5a78013e33f247822a837e55b0ab4) Importer(815301076,1909f56bfc062723c751e8b465ee728b)
Start importing Packages/com.unity.2d.animation/Editor/Assets/SkinningModule/Icons/Selected/Bone_Influence@3x.png using Guid(68e5a78013e33f247822a837e55b0ab4) Importer(815301076,1909f56bfc062723c751e8b465ee728b)  -> (artifact id: '6412c71a55863e592e23bce9ad5b26f9') in 0.161187 seconds 
========================================================================
Received Import Request.
  Time since last request: 0.000037 seconds.
  path: Packages/com.unity.inputsystem/InputSystem/Editor/Icons/d_Add Binding@4x.png
  artifactKey: Guid(4a0ce0eda6ee74c669b13104649e1313) Importer(815301076,1909f56bfc062723c751e8b465ee728b)
Start importing Packages/com.unity.inputsystem/InputSystem/Editor/Icons/d_Add Binding@4x.png using Guid(4a0ce0eda6ee74c669b13104649e1313) Importer(815301076,1909f56bfc062723c751e8b465ee728b)  -> (artifact id: '3411036c77691e4dfae3ccc67239bf9a') in 0.154994 seconds 
========================================================================
Received Import Request.
  Time since last request: 0.000046 seconds.
  path: Packages/com.unity.2d.animation/Editor/Assets/SkinningModule/Icons/Light/Bone_Influence.png
  artifactKey: Guid(e92fc44f12c21dd44a49e390f39f7ffd) Importer(815301076,1909f56bfc062723c751e8b465ee728b)
Start importing Packages/com.unity.2d.animation/Editor/Assets/SkinningModule/Icons/Light/Bone_Influence.png using Guid(e92fc44f12c21dd44a49e390f39f7ffd) Importer(815301076,1909f56bfc062723c751e8b465ee728b)  -> (artifact id: '47626f0f3da10a43fa277261f9a5c32b') in 0.110241 seconds 
========================================================================
Received Import Request.
  Time since last request: 0.000035 seconds.
  path: Packages/com.unity.inputsystem/InputSystem/Editor/Icons/d_Add Binding@2x.png
  artifactKey: Guid(3d7dc8d6b9a96490b9aa433645712fdf) Importer(815301076,1909f56bfc062723c751e8b465ee728b)
Start importing Packages/com.unity.inputsystem/InputSystem/Editor/Icons/d_Add Binding@2x.png using Guid(3d7dc8d6b9a96490b9aa433645712fdf) Importer(815301076,1909f56bfc062723c751e8b465ee728b)  -> (artifact id: '3f0746ff6ca89c096fbc490b8c378f23') in 0.140240 seconds 
========================================================================
Received Import Request.
  Time since last request: 0.000037 seconds.
  path: Packages/com.unity.inputsystem/InputSystem/Editor/Icons/d_Axis@4x.png
  artifactKey: Guid(e01ab4b854c6d4fa3a8d869b67ecd643) Importer(815301076,1909f56bfc062723c751e8b465ee728b)
Start importing Packages/com.unity.inputsystem/InputSystem/Editor/Icons/d_Axis@4x.png using Guid(e01ab4b854c6d4fa3a8d869b67ecd643) Importer(815301076,1909f56bfc062723c751e8b465ee728b)  -> (artifact id: '6d86cfec9c3407ac5cbde7b4034bbe80') in 0.111251 seconds 
========================================================================
Received Import Request.
  Time since last request: 0.000087 seconds.
  path: Packages/com.unity.collab-proxy/Editor/Collaborate/Assets/Icons/conflicted-file-light.png
  artifactKey: Guid(159b6ffcecc70b54a991cab02c8be883) Importer(815301076,1909f56bfc062723c751e8b465ee728b)
Start importing Packages/com.unity.collab-proxy/Editor/Collaborate/Assets/Icons/conflicted-file-light.png using Guid(159b6ffcecc70b54a991cab02c8be883) Importer(815301076,1909f56bfc062723c751e8b465ee728b)  -> (artifact id: 'b164f599e90e41950876bc70967a0ed0') in 0.150865 seconds 
========================================================================
Received Import Request.
  Time since last request: 0.000038 seconds.
  path: Packages/com.unity.2d.animation/Editor/Assets/SkinningModule/Icons/Light/Bone_Influence@4x.png
  artifactKey: Guid(c7aa62ae78ffca0498c89e5f45f94c0e) Importer(815301076,1909f56bfc062723c751e8b465ee728b)
Start importing Packages/com.unity.2d.animation/Editor/Assets/SkinningModule/Icons/Light/Bone_Influence@4x.png using Guid(c7aa62ae78ffca0498c89e5f45f94c0e) Importer(815301076,1909f56bfc062723c751e8b465ee728b)  -> (artifact id: '6e68d6db54b96c95c3b23b7a662551f4') in 0.349898 seconds 
========================================================================
Received Import Request.
  Time since last request: 0.000047 seconds.
  path: Packages/com.unity.inputsystem/InputSystem/Editor/Icons/Axis@4x.png
  artifactKey: Guid(a940917cc397643afb071010cb2143d9) Importer(815301076,1909f56bfc062723c751e8b465ee728b)
Start importing Packages/com.unity.inputsystem/InputSystem/Editor/Icons/Axis@4x.png using Guid(a940917cc397643afb071010cb2143d9) Importer(815301076,1909f56bfc062723c751e8b465ee728b)  -> (artifact id: '2723f8a9764a7bc27cdd2d5095683e1d') in 0.187609 seconds 
========================================================================
Received Import Request.
  Time since last request: 0.000036 seconds.
  path: Packages/com.unity.collab-proxy/Editor/Collaborate/Assets/Icons/collaborate-warning-dark@2x.png
  artifactKey: Guid(45308e2aea842dd4e87bb30395d6e303) Importer(815301076,1909f56bfc062723c751e8b465ee728b)
Start importing Packages/com.unity.collab-proxy/Editor/Collaborate/Assets/Icons/collaborate-warning-dark@2x.png using Guid(45308e2aea842dd4e87bb30395d6e303) Importer(815301076,1909f56bfc062723c751e8b465ee728b)  -> (artifact id: 'f739c96b4f8d060be5009fdb7bf006d4') in 0.367466 seconds 
========================================================================
Received Import Request.
  Time since last request: 0.000058 seconds.
  path: Packages/com.unity.2d.animation/Editor/Assets/SkinningModule/Icons/Light/Bone@2x.png
  artifactKey: Guid(d6a44ab95b0def041a7929981a2c23a1) Importer(815301076,1909f56bfc062723c751e8b465ee728b)
Start importing Packages/com.unity.2d.animation/Editor/Assets/SkinningModule/Icons/Light/Bone@2x.png using Guid(d6a44ab95b0def041a7929981a2c23a1) Importer(815301076,1909f56bfc062723c751e8b465ee728b)  -> (artifact id: '3d4e8747d68836453fce4a182664394e') in 0.279025 seconds 
========================================================================
Received Import Request.
  Time since last request: 0.000153 seconds.
  path: Packages/com.unity.collab-proxy/Editor/Collaborate/Assets/Icons/collaborate-warning-light@2x.png
  artifactKey: Guid(02fa233a818899d48a2d3e68a68b23b6) Importer(815301076,1909f56bfc062723c751e8b465ee728b)
Start importing Packages/com.unity.collab-proxy/Editor/Collaborate/Assets/Icons/collaborate-warning-light@2x.png using Guid(02fa233a818899d48a2d3e68a68b23b6) Importer(815301076,1909f56bfc062723c751e8b465ee728b)  -> (artifact id: 'd0296ec4cfa0c2eaa80a503d63fec3dd') in 0.148909 seconds 
========================================================================
Received Import Request.
  Time since last request: 0.000035 seconds.
  path: Packages/com.unity.collab-proxy/Editor/Collaborate/Assets/Icons/collaborate-offline-light@2x.png
  artifactKey: Guid(cabe2c11824b4164984e262821760727) Importer(815301076,1909f56bfc062723c751e8b465ee728b)
Start importing Packages/com.unity.collab-proxy/Editor/Collaborate/Assets/Icons/collaborate-offline-light@2x.png using Guid(cabe2c11824b4164984e262821760727) Importer(815301076,1909f56bfc062723c751e8b465ee728b)  -> (artifact id: '2e5e2db698699045c239378e4181215b') in 0.094641 seconds 
========================================================================
Received Import Request.
  Time since last request: 0.000053 seconds.
  path: Packages/com.unity.2d.animation/Editor/Assets/SkinningModule/Icons/Light/Bone@3x.png
  artifactKey: Guid(76beef9fdae7b48468ddf07d0400a374) Importer(815301076,1909f56bfc062723c751e8b465ee728b)
Start importing Packages/com.unity.2d.animation/Editor/Assets/SkinningModule/Icons/Light/Bone@3x.png using Guid(76beef9fdae7b48468ddf07d0400a374) Importer(815301076,1909f56bfc062723c751e8b465ee728b)  -> (artifact id: '34e454e5c0d6b2a1389cf8514cfccc20') in 0.206740 seconds 
========================================================================
Received Import Request.
  Time since last request: 0.000063 seconds.
  path: Packages/com.unity.2d.animation/Editor/Assets/SkinningModule/Icons/Selected/Bone_Influence@2x.png
  artifactKey: Guid(0779ad3feec52124e97114bcbb12ef13) Importer(815301076,1909f56bfc062723c751e8b465ee728b)
Start importing Packages/com.unity.2d.animation/Editor/Assets/SkinningModule/Icons/Selected/Bone_Influence@2x.png using Guid(0779ad3feec52124e97114bcbb12ef13) Importer(815301076,1909f56bfc062723c751e8b465ee728b)  -> (artifact id: '62913d0c2ea723ef8a1ce1e9db58131c') in 0.091503 seconds 
========================================================================
Received Import Request.
  Time since last request: 0.000034 seconds.
  path: Packages/com.unity.inputsystem/InputSystem/Editor/Icons/Add Binding@3x.png
  artifactKey: Guid(8be1fbf4b24de44c99840805bdae9e40) Importer(815301076,1909f56bfc062723c751e8b465ee728b)
Start importing Packages/com.unity.inputsystem/InputSystem/Editor/Icons/Add Binding@3x.png using Guid(8be1fbf4b24de44c99840805bdae9e40) Importer(815301076,1909f56bfc062723c751e8b465ee728b)  -> (artifact id: 'cf1c5fe1f187dceb483cbf5c95be668e') in 0.164795 seconds 
========================================================================
Received Import Request.
  Time since last request: 0.000038 seconds.
  path: Packages/com.unity.inputsystem/InputSystem/Editor/Icons/d_Axis@3x.png
  artifactKey: Guid(62c846073cb844a2b926e4bbd3189647) Importer(815301076,1909f56bfc062723c751e8b465ee728b)
Start importing Packages/com.unity.inputsystem/InputSystem/Editor/Icons/d_Axis@3x.png using Guid(62c846073cb844a2b926e4bbd3189647) Importer(815301076,1909f56bfc062723c751e8b465ee728b)  -> (artifact id: '458274ba33b77f6f3de5cb048da10b79') in 0.275396 seconds 
========================================================================
Received Import Request.
  Time since last request: 0.000042 seconds.
  path: Packages/com.unity.inputsystem/InputSystem/Editor/Icons/Axis@3x.png
  artifactKey: Guid(2e27a82b5cc4e4ef98cbef2d0b324aed) Importer(815301076,1909f56bfc062723c751e8b465ee728b)
Start importing Packages/com.unity.inputsystem/InputSystem/Editor/Icons/Axis@3x.png using Guid(2e27a82b5cc4e4ef98cbef2d0b324aed) Importer(815301076,1909f56bfc062723c751e8b465ee728b)  -> (artifact id: '3942cfeb260a89b39b473caf768b99a4') in 0.069058 seconds 
========================================================================
Received Import Request.
  Time since last request: 0.000055 seconds.
  path: Packages/com.unity.inputsystem/InputSystem/Editor/Icons/d_Add Binding.png
  artifactKey: Guid(a4bbff684804d4c84b61cd0256cd2360) Importer(815301076,1909f56bfc062723c751e8b465ee728b)
Start importing Packages/com.unity.inputsystem/InputSystem/Editor/Icons/d_Add Binding.png using Guid(a4bbff684804d4c84b61cd0256cd2360) Importer(815301076,1909f56bfc062723c751e8b465ee728b)  -> (artifact id: '2cb56c5d1d12fd795b45aacda77fc424') in 0.161234 seconds 
========================================================================
Received Import Request.
  Time since last request: 0.000047 seconds.
  path: Packages/com.unity.collab-proxy/Editor/Collaborate/Assets/Icons/conflicted-file-light@2x.png
  artifactKey: Guid(0365b40fda51ad5499dfe50b036adb1b) Importer(815301076,1909f56bfc062723c751e8b465ee728b)
Start importing Packages/com.unity.collab-proxy/Editor/Collaborate/Assets/Icons/conflicted-file-light@2x.png using Guid(0365b40fda51ad5499dfe50b036adb1b) Importer(815301076,1909f56bfc062723c751e8b465ee728b)  -> (artifact id: 'dcb715fca06d68a011c3ad6ed1af250b') in 0.082688 seconds 
========================================================================
Received Import Request.
  Time since last request: 0.000114 seconds.
  path: Packages/com.unity.inputsystem/InputSystem/Editor/Icons/d_Axis@2x.png
  artifactKey: Guid(27163f3cda5b9431d928f2b33eeb5cf1) Importer(815301076,1909f56bfc062723c751e8b465ee728b)
Start importing Packages/com.unity.inputsystem/InputSystem/Editor/Icons/d_Axis@2x.png using Guid(27163f3cda5b9431d928f2b33eeb5cf1) Importer(815301076,1909f56bfc062723c751e8b465ee728b)  -> (artifact id: '5f85ae62ab5483985ca519070334c9ac') in 0.108711 seconds 
========================================================================
Received Import Request.
  Time since last request: 0.000034 seconds.
  path: Packages/com.unity.inputsystem/InputSystem/Editor/Icons/d_Add Binding@3x.png
  artifactKey: Guid(ca933a91c81734ddd88b17c8481ec1e9) Importer(815301076,1909f56bfc062723c751e8b465ee728b)
Start importing Packages/com.unity.inputsystem/InputSystem/Editor/Icons/d_Add Binding@3x.png using Guid(ca933a91c81734ddd88b17c8481ec1e9) Importer(815301076,1909f56bfc062723c751e8b465ee728b)  -> (artifact id: '5053b228383c3f8ea1fe97b657d72a04') in 0.177017 seconds 
========================================================================
Received Import Request.
  Time since last request: 0.000059 seconds.
  path: Packages/com.unity.2d.animation/Editor/Assets/SkinningModule/Icons/Light/Bone_Influence@3x.png
  artifactKey: Guid(cee9dbe90b270c944ae1dabf41c93b10) Importer(815301076,1909f56bfc062723c751e8b465ee728b)
Start importing Packages/com.unity.2d.animation/Editor/Assets/SkinningModule/Icons/Light/Bone_Influence@3x.png using Guid(cee9dbe90b270c944ae1dabf41c93b10) Importer(815301076,1909f56bfc062723c751e8b465ee728b)  -> (artifact id: '4888d39bf448202d2feaf9286426ef31') in 0.165348 seconds 
========================================================================
Received Import Request.
  Time since last request: 0.000058 seconds.
  path: Packages/com.unity.inputsystem/InputSystem/Editor/AssetEditor/Resources/personal/actionTreeBackgroundWithoutBorder.png
  artifactKey: Guid(cf632ed80bf1f46c980de6b1b8b903ef) Importer(815301076,1909f56bfc062723c751e8b465ee728b)
Start importing Packages/com.unity.inputsystem/InputSystem/Editor/AssetEditor/Resources/personal/actionTreeBackgroundWithoutBorder.png using Guid(cf632ed80bf1f46c980de6b1b8b903ef) Importer(815301076,1909f56bfc062723c751e8b465ee728b)  -> (artifact id: 'd9ee9c678894ce3b540bd6d216ec1d65') in 0.105123 seconds 
========================================================================
Received Import Request.
  Time since last request: 0.000031 seconds.
  path: Packages/com.unity.collab-proxy/Editor/Collaborate/Assets/Icons/collaborate-warning-dark.png
  artifactKey: Guid(0e3edcdf6743ba643999fb3882f1cc15) Importer(815301076,1909f56bfc062723c751e8b465ee728b)
Start importing Packages/com.unity.collab-proxy/Editor/Collaborate/Assets/Icons/collaborate-warning-dark.png using Guid(0e3edcdf6743ba643999fb3882f1cc15) Importer(815301076,1909f56bfc062723c751e8b465ee728b)  -> (artifact id: '71d0ed9b14433895604da52e2447f6e0') in 0.104414 seconds 
========================================================================
Received Import Request.
  Time since last request: 0.000037 seconds.
  path: Packages/com.unity.collab-proxy/Editor/Collaborate/Assets/Icons/collaborate-progress-light.png
  artifactKey: Guid(98eea3a123f8b4c468b7e43d0ff3c232) Importer(815301076,1909f56bfc062723c751e8b465ee728b)
Start importing Packages/com.unity.collab-proxy/Editor/Collaborate/Assets/Icons/collaborate-progress-light.png using Guid(98eea3a123f8b4c468b7e43d0ff3c232) Importer(815301076,1909f56bfc062723c751e8b465ee728b)  -> (artifact id: 'de0f0e618d229cbe0d35ea375fdc282d') in 0.087578 seconds 
========================================================================
Received Import Request.
  Time since last request: 0.000047 seconds.
  path: Packages/com.unity.inputsystem/InputSystem/Editor/AssetEditor/Resources/pro/actionTreeBackgroundWithoutBorder.png
  artifactKey: Guid(943deaaee9c9347e0a455aa208526c42) Importer(815301076,1909f56bfc062723c751e8b465ee728b)
Start importing Packages/com.unity.inputsystem/InputSystem/Editor/AssetEditor/Resources/pro/actionTreeBackgroundWithoutBorder.png using Guid(943deaaee9c9347e0a455aa208526c42) Importer(815301076,1909f56bfc062723c751e8b465ee728b)  -> (artifact id: '887fedc326a3acd7311f82ecfd243969') in 0.118400 seconds 
========================================================================
Received Import Request.
  Time since last request: 0.000025 seconds.
  path: Packages/com.unity.collab-proxy/Editor/Collaborate/Assets/Icons/collaborate-warning-light.png
  artifactKey: Guid(1e80543db0ef9494a9c1777f01e1a4a0) Importer(815301076,1909f56bfc062723c751e8b465ee728b)
Start importing Packages/com.unity.collab-proxy/Editor/Collaborate/Assets/Icons/collaborate-warning-light.png using Guid(1e80543db0ef9494a9c1777f01e1a4a0) Importer(815301076,1909f56bfc062723c751e8b465ee728b)  -> (artifact id: '24e0d9cb8676ab45135df90f6cf638f1') in 0.128560 seconds 
========================================================================
Received Import Request.
  Time since last request: 91.040026 seconds.
  path: Assets/Material/Shaders/TriplanarSubGraph.shadersubgraph
  artifactKey: Guid(76ad31eb23d085e498a7ae7f6b558def) Importer(815301076,1909f56bfc062723c751e8b465ee728b)
Start importing Assets/Material/Shaders/TriplanarSubGraph.shadersubgraph using Guid(76ad31eb23d085e498a7ae7f6b558def) Importer(815301076,1909f56bfc062723c751e8b465ee728b)  -> (artifact id: '3308b1584d338463a7cbb5ae0e1cdad3') in 0.003668 seconds 
========================================================================
Received Import Request.
  Time since last request: 24.111273 seconds.
  path: Assets/Material/Shaders/Shader Graphs_Triplanar.mat
  artifactKey: Guid(c070e16173d7c134e9ac3379518c6cf4) Importer(815301076,1909f56bfc062723c751e8b465ee728b)
Start importing Assets/Material/Shaders/Shader Graphs_Triplanar.mat using Guid(c070e16173d7c134e9ac3379518c6cf4) Importer(815301076,1909f56bfc062723c751e8b465ee728b)  -> (artifact id: '4ee608a5e51965e18791dfa53979ebd1') in 0.266291 seconds 
========================================================================
Received Import Request.
  Time since last request: 24.891220 seconds.
  path: Assets/Material/Shaders/Shader Graphs_Triplanar.mat
  artifactKey: Guid(c070e16173d7c134e9ac3379518c6cf4) Importer(815301076,1909f56bfc062723c751e8b465ee728b)
Start importing Assets/Material/Shaders/Shader Graphs_Triplanar.mat using Guid(c070e16173d7c134e9ac3379518c6cf4) Importer(815301076,1909f56bfc062723c751e8b465ee728b)  -> (artifact id: '69cd4f6c07a530df7f08a3141845a1df') in 0.116766 seconds 
========================================================================
Received Import Request.
  Time since last request: 135.492289 seconds.
  path: Assets/Material/Shaders/Shader Graphs_Triplanar.mat
  artifactKey: Guid(c070e16173d7c134e9ac3379518c6cf4) Importer(815301076,1909f56bfc062723c751e8b465ee728b)
Start importing Assets/Material/Shaders/Shader Graphs_Triplanar.mat using Guid(c070e16173d7c134e9ac3379518c6cf4) Importer(815301076,1909f56bfc062723c751e8b465ee728b)  -> (artifact id: 'b2596a6a3ee28f18aa1dbff564bd2390') in 0.028628 seconds 
========================================================================
Received Import Request.
  Time since last request: 187.962759 seconds.
  path: Assets/Material/Shaders/Shader Graphs_Triplanar.mat
  artifactKey: Guid(c070e16173d7c134e9ac3379518c6cf4) Importer(815301076,1909f56bfc062723c751e8b465ee728b)
Start importing Assets/Material/Shaders/Shader Graphs_Triplanar.mat using Guid(c070e16173d7c134e9ac3379518c6cf4) Importer(815301076,1909f56bfc062723c751e8b465ee728b)  -> (artifact id: 'ae40424c037e32e426a8be5f7e9cf0d6') in 0.094898 seconds 
========================================================================
Received Import Request.
  Time since last request: 440.254580 seconds.
  path: Assets/Material/Shaders/TriplanarSubGraph.shadersubgraph
  artifactKey: Guid(76ad31eb23d085e498a7ae7f6b558def) Importer(815301076,1909f56bfc062723c751e8b465ee728b)
Start importing Assets/Material/Shaders/TriplanarSubGraph.shadersubgraph using Guid(76ad31eb23d085e498a7ae7f6b558def) Importer(815301076,1909f56bfc062723c751e8b465ee728b)  -> (artifact id: 'b26793a1dee2852cca8838670badb168') in 0.021653 seconds 
========================================================================
Received Import Request.
  Time since last request: 153.505920 seconds.
  path: Assets/Material/Shaders/Triplanar.shadergraph
  artifactKey: Guid(4ed1e1c6a8bc1b24a9c31970c8d8956d) Importer(815301076,1909f56bfc062723c751e8b465ee728b)
Start importing Assets/Material/Shaders/Triplanar.shadergraph using Guid(4ed1e1c6a8bc1b24a9c31970c8d8956d) Importer(815301076,1909f56bfc062723c751e8b465ee728b)  -> (artifact id: '5c9986e09ba257a0e5ec421b432e33bc') in 0.037433 seconds 
========================================================================
Received Import Request.
  Time since last request: 48.406685 seconds.
  path: Assets/Material/Shaders/Triplanar.shadergraph
  artifactKey: Guid(4ed1e1c6a8bc1b24a9c31970c8d8956d) Importer(815301076,1909f56bfc062723c751e8b465ee728b)
Start importing Assets/Material/Shaders/Triplanar.shadergraph using Guid(4ed1e1c6a8bc1b24a9c31970c8d8956d) Importer(815301076,1909f56bfc062723c751e8b465ee728b)  -> (artifact id: 'baa3f7bef60430b98e1b895c3563e9b8') in 0.003167 seconds 
========================================================================
Received Import Request.
  Time since last request: 217.662231 seconds.
  path: Assets/Material/Shaders/TriplanarSubGraph.shadersubgraph
  artifactKey: Guid(76ad31eb23d085e498a7ae7f6b558def) Importer(815301076,1909f56bfc062723c751e8b465ee728b)
Start importing Assets/Material/Shaders/TriplanarSubGraph.shadersubgraph using Guid(76ad31eb23d085e498a7ae7f6b558def) Importer(815301076,1909f56bfc062723c751e8b465ee728b)  -> (artifact id: 'a933ce6a7de60053e93a9a65367110e5') in 0.003376 seconds 
========================================================================
Received Import Request.
  Time since last request: 0.027302 seconds.
  path: Assets/Material/Shaders/Triplanar.shadergraph
  artifactKey: Guid(4ed1e1c6a8bc1b24a9c31970c8d8956d) Importer(815301076,1909f56bfc062723c751e8b465ee728b)
Start importing Assets/Material/Shaders/Triplanar.shadergraph using Guid(4ed1e1c6a8bc1b24a9c31970c8d8956d) Importer(815301076,1909f56bfc062723c751e8b465ee728b)  -> (artifact id: '3b5e2927781e1b2c641ec3b904a227a5') in 0.002782 seconds 
========================================================================
Received Import Request.
  Time since last request: 20.167981 seconds.
  path: Assets/Material/Shaders/TriplanarSubGraph.shadersubgraph
  artifactKey: Guid(76ad31eb23d085e498a7ae7f6b558def) Importer(815301076,1909f56bfc062723c751e8b465ee728b)
Start importing Assets/Material/Shaders/TriplanarSubGraph.shadersubgraph using Guid(76ad31eb23d085e498a7ae7f6b558def) Importer(815301076,1909f56bfc062723c751e8b465ee728b)  -> (artifact id: 'fdf076d49e06bbd15d579755aea72057') in 0.004294 seconds 
========================================================================
Received Import Request.
  Time since last request: 0.038028 seconds.
  path: Assets/Material/Shaders/Triplanar.shadergraph
  artifactKey: Guid(4ed1e1c6a8bc1b24a9c31970c8d8956d) Importer(815301076,1909f56bfc062723c751e8b465ee728b)
Start importing Assets/Material/Shaders/Triplanar.shadergraph using Guid(4ed1e1c6a8bc1b24a9c31970c8d8956d) Importer(815301076,1909f56bfc062723c751e8b465ee728b)  -> (artifact id: '976dbae2d87b6e11c9a336694fd30f13') in 0.002530 seconds 
========================================================================
Received Import Request.
  Time since last request: 3.267473 seconds.
  path: Assets/Material/Shaders/Triplanar.shadergraph
  artifactKey: Guid(4ed1e1c6a8bc1b24a9c31970c8d8956d) Importer(815301076,1909f56bfc062723c751e8b465ee728b)
Start importing Assets/Material/Shaders/Triplanar.shadergraph using Guid(4ed1e1c6a8bc1b24a9c31970c8d8956d) Importer(815301076,1909f56bfc062723c751e8b465ee728b)  -> (artifact id: 'e96c7d4e5c5a4a768ea7514f786b7429') in 0.003097 seconds 
========================================================================
Received Import Request.
  Time since last request: 168.861973 seconds.
  path: Assets/Material/Shaders/VoroinoiTriPlanar.shadersubgraph
  artifactKey: Guid(94ae690a5f8db2849a6160b70b5530e4) Importer(815301076,1909f56bfc062723c751e8b465ee728b)
Start importing Assets/Material/Shaders/VoroinoiTriPlanar.shadersubgraph using Guid(94ae690a5f8db2849a6160b70b5530e4) Importer(815301076,1909f56bfc062723c751e8b465ee728b)  -> (artifact id: '1868e20e87d02a7ef4ba98b2ba48a104') in 0.019911 seconds 
========================================================================
Received Import Request.
  Time since last request: 21.900217 seconds.
  path: Assets/Material/Shaders/VoroinoiTriPlanar.shadersubgraph
  artifactKey: Guid(94ae690a5f8db2849a6160b70b5530e4) Importer(815301076,1909f56bfc062723c751e8b465ee728b)
Start importing Assets/Material/Shaders/VoroinoiTriPlanar.shadersubgraph using Guid(94ae690a5f8db2849a6160b70b5530e4) Importer(815301076,1909f56bfc062723c751e8b465ee728b)  -> (artifact id: '1d24dccf53f441695ebe8686f8a40a28') in 0.003026 seconds 
========================================================================
Received Import Request.
  Time since last request: 57.635628 seconds.
  path: Assets/Material/Shaders/VoroinoiTriPlanar.shadersubgraph
  artifactKey: Guid(94ae690a5f8db2849a6160b70b5530e4) Importer(815301076,1909f56bfc062723c751e8b465ee728b)
Start importing Assets/Material/Shaders/VoroinoiTriPlanar.shadersubgraph using Guid(94ae690a5f8db2849a6160b70b5530e4) Importer(815301076,1909f56bfc062723c751e8b465ee728b)  -> (artifact id: '3b5270e697eb96b83e58a38dda166bd8') in 0.017365 seconds 
========================================================================
Received Import Request.
  Time since last request: 38.825868 seconds.
  path: Assets/Material/Shaders/VoronoiTriPlanar.shadersubgraph
  artifactKey: Guid(94ae690a5f8db2849a6160b70b5530e4) Importer(815301076,1909f56bfc062723c751e8b465ee728b)
Start importing Assets/Material/Shaders/VoronoiTriPlanar.shadersubgraph using Guid(94ae690a5f8db2849a6160b70b5530e4) Importer(815301076,1909f56bfc062723c751e8b465ee728b)  -> (artifact id: '6bfb94cac9633f0a1d521d28a56d8bc2') in 0.009570 seconds 
========================================================================
Received Import Request.
  Time since last request: 234.430972 seconds.
  path: Assets/Material/Shaders/VoronoiTriPlanar.shadersubgraph
  artifactKey: Guid(94ae690a5f8db2849a6160b70b5530e4) Importer(815301076,1909f56bfc062723c751e8b465ee728b)
Start importing Assets/Material/Shaders/VoronoiTriPlanar.shadersubgraph using Guid(94ae690a5f8db2849a6160b70b5530e4) Importer(815301076,1909f56bfc062723c751e8b465ee728b)  -> (artifact id: 'a1af085cce97a04178e8054240fe188c') in 0.003311 seconds 
========================================================================
Received Import Request.
  Time since last request: 136.806740 seconds.
  path: Assets/Material/Shaders/TriplanarSubGraph.shadersubgraph
  artifactKey: Guid(76ad31eb23d085e498a7ae7f6b558def) Importer(815301076,1909f56bfc062723c751e8b465ee728b)
Start importing Assets/Material/Shaders/TriplanarSubGraph.shadersubgraph using Guid(76ad31eb23d085e498a7ae7f6b558def) Importer(815301076,1909f56bfc062723c751e8b465ee728b)  -> (artifact id: 'c26880720640b84e4362bbfe6e68cfc1') in 0.003929 seconds 
========================================================================
Received Import Request.
  Time since last request: 42.343567 seconds.
  path: Assets/Material/Shaders/VoronoiTriPlanar.shadersubgraph
  artifactKey: Guid(94ae690a5f8db2849a6160b70b5530e4) Importer(815301076,1909f56bfc062723c751e8b465ee728b)
Start importing Assets/Material/Shaders/VoronoiTriPlanar.shadersubgraph using Guid(94ae690a5f8db2849a6160b70b5530e4) Importer(815301076,1909f56bfc062723c751e8b465ee728b)  -> (artifact id: '1e826c49c5971910512671a08c8d60c5') in 0.003101 seconds 
========================================================================
Received Import Request.
  Time since last request: 236.675106 seconds.
  path: Assets/Material/Shaders/Shader Graphs_Triplanar.mat
  artifactKey: Guid(c070e16173d7c134e9ac3379518c6cf4) Importer(815301076,1909f56bfc062723c751e8b465ee728b)
Start importing Assets/Material/Shaders/Shader Graphs_Triplanar.mat using Guid(c070e16173d7c134e9ac3379518c6cf4) Importer(815301076,1909f56bfc062723c751e8b465ee728b)  -> (artifact id: 'b227d026eb5f71a7d9384704779b8904') in 0.104362 seconds 
========================================================================
Received Import Request.
  Time since last request: 67.814649 seconds.
  path: Assets/Material/Shaders/Shader Graphs_Triplanar.mat
  artifactKey: Guid(c070e16173d7c134e9ac3379518c6cf4) Importer(815301076,1909f56bfc062723c751e8b465ee728b)
Start importing Assets/Material/Shaders/Shader Graphs_Triplanar.mat using Guid(c070e16173d7c134e9ac3379518c6cf4) Importer(815301076,1909f56bfc062723c751e8b465ee728b)  -> (artifact id: '9eae6410eafca47b04dba6530388aac5') in 0.088860 seconds 
========================================================================
Received Import Request.
  Time since last request: 22.291306 seconds.
  path: Assets/Material/Shaders/Shader Graphs_Triplanar.mat
  artifactKey: Guid(c070e16173d7c134e9ac3379518c6cf4) Importer(815301076,1909f56bfc062723c751e8b465ee728b)
Start importing Assets/Material/Shaders/Shader Graphs_Triplanar.mat using Guid(c070e16173d7c134e9ac3379518c6cf4) Importer(815301076,1909f56bfc062723c751e8b465ee728b)  -> (artifact id: '221842bbfbaa80d305364650bd6c2091') in 0.072173 seconds 
========================================================================
Received Import Request.
  Time since last request: 115.296182 seconds.
  path: Assets/Material/Shaders/Shader Graphs_Triplanar.mat
  artifactKey: Guid(c070e16173d7c134e9ac3379518c6cf4) Importer(815301076,1909f56bfc062723c751e8b465ee728b)
Start importing Assets/Material/Shaders/Shader Graphs_Triplanar.mat using Guid(c070e16173d7c134e9ac3379518c6cf4) Importer(815301076,1909f56bfc062723c751e8b465ee728b)  -> (artifact id: '795078ded84d1a08e2cf48532daf58c0') in 0.063557 seconds 
========================================================================
Received Import Request.
  Time since last request: 102.579824 seconds.
  path: Assets/Material/Shaders/Shader Graphs_Triplanar.mat
  artifactKey: Guid(c070e16173d7c134e9ac3379518c6cf4) Importer(815301076,1909f56bfc062723c751e8b465ee728b)
Start importing Assets/Material/Shaders/Shader Graphs_Triplanar.mat using Guid(c070e16173d7c134e9ac3379518c6cf4) Importer(815301076,1909f56bfc062723c751e8b465ee728b)  -> (artifact id: 'fbfc9ba28db41874da5638a5c89a413e') in 0.338476 seconds 
========================================================================
Received Import Request.
  Time since last request: 9.077926 seconds.
  path: Assets/Material/Shaders/Shader Graphs_Triplanar.mat
  artifactKey: Guid(c070e16173d7c134e9ac3379518c6cf4) Importer(815301076,1909f56bfc062723c751e8b465ee728b)
Start importing Assets/Material/Shaders/Shader Graphs_Triplanar.mat using Guid(c070e16173d7c134e9ac3379518c6cf4) Importer(815301076,1909f56bfc062723c751e8b465ee728b)  -> (artifact id: '45ca4295f2a4d01383c4f0368761d13b') in 0.069145 seconds 
========================================================================
Received Import Request.
  Time since last request: 204.409789 seconds.
  path: Assets/Material/Shaders/Shader Graphs_Triplanar.mat
  artifactKey: Guid(c070e16173d7c134e9ac3379518c6cf4) Importer(815301076,1909f56bfc062723c751e8b465ee728b)
Start importing Assets/Material/Shaders/Shader Graphs_Triplanar.mat using Guid(c070e16173d7c134e9ac3379518c6cf4) Importer(815301076,1909f56bfc062723c751e8b465ee728b)  -> (artifact id: '515d8a3f02c92129bad5bd8d74166c3c') in 0.183701 seconds 
========================================================================
Received Import Request.
  Time since last request: 16.055298 seconds.
  path: Assets/Material/Shaders/Shader Graphs_Triplanar.mat
  artifactKey: Guid(c070e16173d7c134e9ac3379518c6cf4) Importer(815301076,1909f56bfc062723c751e8b465ee728b)
Start importing Assets/Material/Shaders/Shader Graphs_Triplanar.mat using Guid(c070e16173d7c134e9ac3379518c6cf4) Importer(815301076,1909f56bfc062723c751e8b465ee728b)  -> (artifact id: '34d90c765071ac84d1cf93ff32e6a649') in 0.157691 seconds 
========================================================================
Received Import Request.
  Time since last request: 69.548625 seconds.
  path: Assets/Material/Shaders/Shader Graphs_Triplanar.mat
  artifactKey: Guid(c070e16173d7c134e9ac3379518c6cf4) Importer(815301076,1909f56bfc062723c751e8b465ee728b)
Start importing Assets/Material/Shaders/Shader Graphs_Triplanar.mat using Guid(c070e16173d7c134e9ac3379518c6cf4) Importer(815301076,1909f56bfc062723c751e8b465ee728b)  -> (artifact id: '2b607b0ffa3ab02d3554f9f269f4ad34') in 0.084840 seconds 
========================================================================
Received Import Request.
  Time since last request: 252.723962 seconds.
  path: Assets/Material/Shaders/Shader Graphs_Triplanar.mat
  artifactKey: Guid(c070e16173d7c134e9ac3379518c6cf4) Importer(815301076,1909f56bfc062723c751e8b465ee728b)
Start importing Assets/Material/Shaders/Shader Graphs_Triplanar.mat using Guid(c070e16173d7c134e9ac3379518c6cf4) Importer(815301076,1909f56bfc062723c751e8b465ee728b)  -> (artifact id: '8c1693c877795ffb39df642281f2bf03') in 0.476116 seconds 
========================================================================
Received Import Request.
  Time since last request: 21.046141 seconds.
  path: Assets/Material/Shaders/Shader Graphs_Triplanar.mat
  artifactKey: Guid(c070e16173d7c134e9ac3379518c6cf4) Importer(815301076,1909f56bfc062723c751e8b465ee728b)
Start importing Assets/Material/Shaders/Shader Graphs_Triplanar.mat using Guid(c070e16173d7c134e9ac3379518c6cf4) Importer(815301076,1909f56bfc062723c751e8b465ee728b)  -> (artifact id: '04c9f7da5ddbe215eadd9bd7ce9cb174') in 0.064442 seconds 
========================================================================
Received Import Request.
  Time since last request: 14.094939 seconds.
  path: Assets/Material/Shaders/Shader Graphs_Triplanar.mat
  artifactKey: Guid(c070e16173d7c134e9ac3379518c6cf4) Importer(815301076,1909f56bfc062723c751e8b465ee728b)
Start importing Assets/Material/Shaders/Shader Graphs_Triplanar.mat using Guid(c070e16173d7c134e9ac3379518c6cf4) Importer(815301076,1909f56bfc062723c751e8b465ee728b)  -> (artifact id: 'c053cdb7b9705b70ae52cafd7725e42f') in 0.261691 seconds 
========================================================================
Received Import Request.
  Time since last request: 42.279046 seconds.
  path: Assets/Material/Shaders/Shader Graphs_Triplanar.mat
  artifactKey: Guid(c070e16173d7c134e9ac3379518c6cf4) Importer(815301076,1909f56bfc062723c751e8b465ee728b)
Start importing Assets/Material/Shaders/Shader Graphs_Triplanar.mat using Guid(c070e16173d7c134e9ac3379518c6cf4) Importer(815301076,1909f56bfc062723c751e8b465ee728b)  -> (artifact id: '2d128feb690ac689edc6c28626a29f55') in 0.073764 seconds 
========================================================================
Received Import Request.
  Time since last request: 41.415768 seconds.
  path: Assets/Material/Shaders/Shader Graphs_Triplanar.mat
  artifactKey: Guid(c070e16173d7c134e9ac3379518c6cf4) Importer(815301076,1909f56bfc062723c751e8b465ee728b)
Start importing Assets/Material/Shaders/Shader Graphs_Triplanar.mat using Guid(c070e16173d7c134e9ac3379518c6cf4) Importer(815301076,1909f56bfc062723c751e8b465ee728b)  -> (artifact id: 'b637d094eb32fa69a7d4f7b292f0d68f') in 0.069818 seconds 
========================================================================
Received Import Request.
  Time since last request: 13.031421 seconds.
  path: Assets/Material/Shaders/Shader Graphs_Triplanar.mat
  artifactKey: Guid(c070e16173d7c134e9ac3379518c6cf4) Importer(815301076,1909f56bfc062723c751e8b465ee728b)
Start importing Assets/Material/Shaders/Shader Graphs_Triplanar.mat using Guid(c070e16173d7c134e9ac3379518c6cf4) Importer(815301076,1909f56bfc062723c751e8b465ee728b)  -> (artifact id: 'eb04f95f3d41420ff55db79e2b6d32ab') in 0.049605 seconds 
========================================================================
Received Import Request.
  Time since last request: 554.771885 seconds.
  path: Assets/Material/Shaders/Shader Graphs_Triplanar.mat
  artifactKey: Guid(c070e16173d7c134e9ac3379518c6cf4) Importer(815301076,1909f56bfc062723c751e8b465ee728b)
Start importing Assets/Material/Shaders/Shader Graphs_Triplanar.mat using Guid(c070e16173d7c134e9ac3379518c6cf4) Importer(815301076,1909f56bfc062723c751e8b465ee728b)  -> (artifact id: '4fcc48501839154ffb048ae9eaf6337a') in 0.044056 seconds 
========================================================================
Received Import Request.
  Time since last request: 242.471579 seconds.
  path: Assets/Material/Shaders/Shader Graphs_Triplanar.mat
  artifactKey: Guid(c070e16173d7c134e9ac3379518c6cf4) Importer(815301076,1909f56bfc062723c751e8b465ee728b)
Start importing Assets/Material/Shaders/Shader Graphs_Triplanar.mat using Guid(c070e16173d7c134e9ac3379518c6cf4) Importer(815301076,1909f56bfc062723c751e8b465ee728b)  -> (artifact id: 'aa258117e9fd715d830949afe1ad8548') in 0.114398 seconds 
========================================================================
Received Import Request.
  Time since last request: 67.067101 seconds.
  path: Assets/Material/Shaders/Shader Graphs_Triplanar.mat
  artifactKey: Guid(c070e16173d7c134e9ac3379518c6cf4) Importer(815301076,1909f56bfc062723c751e8b465ee728b)
Start importing Assets/Material/Shaders/Shader Graphs_Triplanar.mat using Guid(c070e16173d7c134e9ac3379518c6cf4) Importer(815301076,1909f56bfc062723c751e8b465ee728b)  -> (artifact id: '5f38c188b6d3e0c48b8b42c0c3be8085') in 0.045346 seconds 
========================================================================
Received Import Request.
  Time since last request: 45.745880 seconds.
  path: Assets/Material/Shaders/SubGraph
  artifactKey: Guid(03b65698dd24ef0408fe390fb72ceff5) Importer(815301076,1909f56bfc062723c751e8b465ee728b)
Start importing Assets/Material/Shaders/SubGraph using Guid(03b65698dd24ef0408fe390fb72ceff5) Importer(815301076,1909f56bfc062723c751e8b465ee728b)  -> (artifact id: '256f3ad2b56d7a43252274e93202f049') in 0.041100 seconds 
========================================================================
Received Import Request.
  Time since last request: 14.905730 seconds.
  path: Assets/Materials/PhysicsMaterials
  artifactKey: Guid(6b0e83a03090e52489e1825bfc646ed3) Importer(815301076,1909f56bfc062723c751e8b465ee728b)
Start importing Assets/Materials/PhysicsMaterials using Guid(6b0e83a03090e52489e1825bfc646ed3) Importer(815301076,1909f56bfc062723c751e8b465ee728b)  -> (artifact id: '4932fc1e239c8875e735199d970f169c') in 0.052316 seconds 
========================================================================
Received Import Request.
  Time since last request: 129.123732 seconds.
  path: Assets/Models/LDModulaire/New Prefab.prefab
  artifactKey: Guid(5c6ff3dbf8bdeff4b82613ec368e5b19) Importer(815301076,1909f56bfc062723c751e8b465ee728b)
Start importing Assets/Models/LDModulaire/New Prefab.prefab using Guid(5c6ff3dbf8bdeff4b82613ec368e5b19) Importer(815301076,1909f56bfc062723c751e8b465ee728b)  -> (artifact id: 'b8af3c7af1e617d6b75853ebfce20971') in 0.173300 seconds 
========================================================================
Received Import Request.
  Time since last request: 17.894706 seconds.
  path: Assets/Models/LDModulaire/2-to-3.prefab
  artifactKey: Guid(5c6ff3dbf8bdeff4b82613ec368e5b19) Importer(815301076,1909f56bfc062723c751e8b465ee728b)
Start importing Assets/Models/LDModulaire/2-to-3.prefab using Guid(5c6ff3dbf8bdeff4b82613ec368e5b19) Importer(815301076,1909f56bfc062723c751e8b465ee728b)  -> (artifact id: 'a586f320bf5678042fef02155843d522') in 0.020822 seconds 
========================================================================
Received Import Request.
  Time since last request: 12.810097 seconds.
  path: Assets/Models/LDModulaire/2-to-3.prefab
  artifactKey: Guid(5c6ff3dbf8bdeff4b82613ec368e5b19) Importer(815301076,1909f56bfc062723c751e8b465ee728b)
Start importing Assets/Models/LDModulaire/2-to-3.prefab using Guid(5c6ff3dbf8bdeff4b82613ec368e5b19) Importer(815301076,1909f56bfc062723c751e8b465ee728b)  -> (artifact id: 'b5cb87364696a6f71f7aff797f63a4e2') in 0.424763 seconds 
========================================================================
Received Import Request.
  Time since last request: 4.119838 seconds.
  path: Assets/Models/LDModulaire/2-to-3.prefab
  artifactKey: Guid(5c6ff3dbf8bdeff4b82613ec368e5b19) Importer(815301076,1909f56bfc062723c751e8b465ee728b)
Start importing Assets/Models/LDModulaire/2-to-3.prefab using Guid(5c6ff3dbf8bdeff4b82613ec368e5b19) Importer(815301076,1909f56bfc062723c751e8b465ee728b)  -> (artifact id: '1b2cbb78e7947d3fceaca2ed5fe2e6ed') in 0.151752 seconds 
========================================================================
Received Import Request.
  Time since last request: 11.090542 seconds.
  path: Assets/Models/LDModulaire/2-to-3.prefab
  artifactKey: Guid(5c6ff3dbf8bdeff4b82613ec368e5b19) Importer(815301076,1909f56bfc062723c751e8b465ee728b)
Start importing Assets/Models/LDModulaire/2-to-3.prefab using Guid(5c6ff3dbf8bdeff4b82613ec368e5b19) Importer(815301076,1909f56bfc062723c751e8b465ee728b)  -> (artifact id: 'a280abafcf7fc9fccb7b6b0a17ad7bc7') in 0.037969 seconds 
========================================================================
Received Import Request.
  Time since last request: 3.460575 seconds.
  path: Assets/Models/LDModulaire/2-to-3.prefab
  artifactKey: Guid(5c6ff3dbf8bdeff4b82613ec368e5b19) Importer(815301076,1909f56bfc062723c751e8b465ee728b)
Start importing Assets/Models/LDModulaire/2-to-3.prefab using Guid(5c6ff3dbf8bdeff4b82613ec368e5b19) Importer(815301076,1909f56bfc062723c751e8b465ee728b)  -> (artifact id: '8e4e9ef7cd58e387b9c8165000ed8d0b') in 0.050882 seconds 
========================================================================
Received Import Request.
  Time since last request: 1.940541 seconds.
  path: Assets/Models/LDModulaire/2-to-3.prefab
  artifactKey: Guid(5c6ff3dbf8bdeff4b82613ec368e5b19) Importer(815301076,1909f56bfc062723c751e8b465ee728b)
Start importing Assets/Models/LDModulaire/2-to-3.prefab using Guid(5c6ff3dbf8bdeff4b82613ec368e5b19) Importer(815301076,1909f56bfc062723c751e8b465ee728b)  -> (artifact id: 'd296554dfbcc714e009c56e50cbea24b') in 0.067385 seconds 
========================================================================
Received Import Request.
  Time since last request: 3.726751 seconds.
  path: Assets/Models/LDModulaire/2-to-3.prefab
  artifactKey: Guid(5c6ff3dbf8bdeff4b82613ec368e5b19) Importer(815301076,1909f56bfc062723c751e8b465ee728b)
Start importing Assets/Models/LDModulaire/2-to-3.prefab using Guid(5c6ff3dbf8bdeff4b82613ec368e5b19) Importer(815301076,1909f56bfc062723c751e8b465ee728b)  -> (artifact id: 'a9203da6b604caceddd12ae6ce644bfa') in 0.112279 seconds 
========================================================================
Received Import Request.
  Time since last request: 7.422240 seconds.
  path: Assets/Models/LDModulaire/2-to-3.prefab
  artifactKey: Guid(5c6ff3dbf8bdeff4b82613ec368e5b19) Importer(815301076,1909f56bfc062723c751e8b465ee728b)
Start importing Assets/Models/LDModulaire/2-to-3.prefab using Guid(5c6ff3dbf8bdeff4b82613ec368e5b19) Importer(815301076,1909f56bfc062723c751e8b465ee728b)  -> (artifact id: '92cad917675336a187374de0acc26ba4') in 0.052399 seconds 
========================================================================
Received Import Request.
  Time since last request: 4.918263 seconds.
  path: Assets/Models/LDModulaire/2-to-3.prefab
  artifactKey: Guid(5c6ff3dbf8bdeff4b82613ec368e5b19) Importer(815301076,1909f56bfc062723c751e8b465ee728b)
Start importing Assets/Models/LDModulaire/2-to-3.prefab using Guid(5c6ff3dbf8bdeff4b82613ec368e5b19) Importer(815301076,1909f56bfc062723c751e8b465ee728b)  -> (artifact id: 'c2ad747f68144d598359da495630b283') in 0.025908 seconds 
========================================================================
Received Import Request.
  Time since last request: 18.584405 seconds.
  path: Assets/Models/LDModulaire/2-to-3.prefab
  artifactKey: Guid(5c6ff3dbf8bdeff4b82613ec368e5b19) Importer(815301076,1909f56bfc062723c751e8b465ee728b)
Start importing Assets/Models/LDModulaire/2-to-3.prefab using Guid(5c6ff3dbf8bdeff4b82613ec368e5b19) Importer(815301076,1909f56bfc062723c751e8b465ee728b)  -> (artifact id: '52ace6029867f89c53f79f9c29662672') in 0.070274 seconds 
========================================================================
Received Import Request.
  Time since last request: 28.574356 seconds.
  path: Assets/Models/LDModulaire/2-to-3.prefab
  artifactKey: Guid(5c6ff3dbf8bdeff4b82613ec368e5b19) Importer(815301076,1909f56bfc062723c751e8b465ee728b)
Start importing Assets/Models/LDModulaire/2-to-3.prefab using Guid(5c6ff3dbf8bdeff4b82613ec368e5b19) Importer(815301076,1909f56bfc062723c751e8b465ee728b)  -> (artifact id: 'e7dee1ea995fb0d4b2a4f00e98afdf19') in 0.052575 seconds 
========================================================================
Received Import Request.
  Time since last request: 70.804853 seconds.
  path: Assets/Models/LDModulaire/2-to-3.prefab
  artifactKey: Guid(5c6ff3dbf8bdeff4b82613ec368e5b19) Importer(815301076,1909f56bfc062723c751e8b465ee728b)
Start importing Assets/Models/LDModulaire/2-to-3.prefab using Guid(5c6ff3dbf8bdeff4b82613ec368e5b19) Importer(815301076,1909f56bfc062723c751e8b465ee728b)  -> (artifact id: '96e66089994158171e09f5c518818557') in 0.122946 seconds 
========================================================================
Received Import Request.
  Time since last request: 10.072544 seconds.
  path: Assets/Models/LDModulaire/2-to-3 1.prefab
  artifactKey: Guid(8d3f9f29d1542d743a46ca389feaec76) Importer(815301076,1909f56bfc062723c751e8b465ee728b)
Start importing Assets/Models/LDModulaire/2-to-3 1.prefab using Guid(8d3f9f29d1542d743a46ca389feaec76) Importer(815301076,1909f56bfc062723c751e8b465ee728b)  -> (artifact id: '13fb21b7bcceb45bfafd2d29757075b0') in 0.054148 seconds 
========================================================================
Received Import Request.
  Time since last request: 14.099382 seconds.
  path: Assets/Models/LDModulaire/3-to-2.prefab
  artifactKey: Guid(8d3f9f29d1542d743a46ca389feaec76) Importer(815301076,1909f56bfc062723c751e8b465ee728b)
Start importing Assets/Models/LDModulaire/3-to-2.prefab using Guid(8d3f9f29d1542d743a46ca389feaec76) Importer(815301076,1909f56bfc062723c751e8b465ee728b)  -> (artifact id: 'b31e214720eae96773e8cd26cb7e9619') in 0.060330 seconds 
========================================================================
Received Import Request.
  Time since last request: 7.604837 seconds.
  path: Assets/Models/LDModulaire/3-to-2.prefab
  artifactKey: Guid(8d3f9f29d1542d743a46ca389feaec76) Importer(815301076,1909f56bfc062723c751e8b465ee728b)
Start importing Assets/Models/LDModulaire/3-to-2.prefab using Guid(8d3f9f29d1542d743a46ca389feaec76) Importer(815301076,1909f56bfc062723c751e8b465ee728b)  -> (artifact id: 'db82eb99c3efd7ba9acc200c3fbf65af') in 0.103726 seconds 
========================================================================
Received Import Request.
  Time since last request: 2.699645 seconds.
  path: Assets/Models/LDModulaire/3-to-2.prefab
  artifactKey: Guid(8d3f9f29d1542d743a46ca389feaec76) Importer(815301076,1909f56bfc062723c751e8b465ee728b)
Start importing Assets/Models/LDModulaire/3-to-2.prefab using Guid(8d3f9f29d1542d743a46ca389feaec76) Importer(815301076,1909f56bfc062723c751e8b465ee728b)  -> (artifact id: '449161b0576a3593677d9b34edaaa6f1') in 0.087871 seconds 
========================================================================
Received Import Request.
  Time since last request: 0.659135 seconds.
  path: Assets/Models/LDModulaire/3-to-2.prefab
  artifactKey: Guid(8d3f9f29d1542d743a46ca389feaec76) Importer(815301076,1909f56bfc062723c751e8b465ee728b)
Start importing Assets/Models/LDModulaire/3-to-2.prefab using Guid(8d3f9f29d1542d743a46ca389feaec76) Importer(815301076,1909f56bfc062723c751e8b465ee728b)  -> (artifact id: '7eabc6176f734c1626ee2a61c62e5f0c') in 0.040097 seconds 
========================================================================
Received Import Request.
  Time since last request: 31.883278 seconds.
  path: Assets/Models/LDModulaire/3-to-2 1.prefab
  artifactKey: Guid(05c141e552c72e947810f89da0c8915a) Importer(815301076,1909f56bfc062723c751e8b465ee728b)
Start importing Assets/Models/LDModulaire/3-to-2 1.prefab using Guid(05c141e552c72e947810f89da0c8915a) Importer(815301076,1909f56bfc062723c751e8b465ee728b)  -> (artifact id: '72e364381a974cc7b0ef32f75bd98abe') in 0.056213 seconds 
========================================================================
Received Import Request.
  Time since last request: 2.855921 seconds.
  path: Assets/Models/LDModulaire/invert.prefab
  artifactKey: Guid(05c141e552c72e947810f89da0c8915a) Importer(815301076,1909f56bfc062723c751e8b465ee728b)
Start importing Assets/Models/LDModulaire/invert.prefab using Guid(05c141e552c72e947810f89da0c8915a) Importer(815301076,1909f56bfc062723c751e8b465ee728b)  -> (artifact id: '2ddf37f8e734e5daacea4af7d8c072e4') in 0.093829 seconds 
========================================================================
Received Import Request.
  Time since last request: 3.813878 seconds.
  path: Assets/Models/LDModulaire/2-to-3_PF.prefab
  artifactKey: Guid(5c6ff3dbf8bdeff4b82613ec368e5b19) Importer(815301076,1909f56bfc062723c751e8b465ee728b)
Start importing Assets/Models/LDModulaire/2-to-3_PF.prefab using Guid(5c6ff3dbf8bdeff4b82613ec368e5b19) Importer(815301076,1909f56bfc062723c751e8b465ee728b)  -> (artifact id: '10b5aa82ed83d184d736ff2cf05a8382') in 0.050668 seconds 
========================================================================
Received Import Request.
  Time since last request: 5.119988 seconds.
  path: Assets/Models/LDModulaire/3-to-2_PF.prefab
  artifactKey: Guid(8d3f9f29d1542d743a46ca389feaec76) Importer(815301076,1909f56bfc062723c751e8b465ee728b)
Start importing Assets/Models/LDModulaire/3-to-2_PF.prefab using Guid(8d3f9f29d1542d743a46ca389feaec76) Importer(815301076,1909f56bfc062723c751e8b465ee728b)  -> (artifact id: 'fd8414c912a7561eb373d4ef61054221') in 0.017658 seconds 
========================================================================
Received Import Request.
  Time since last request: 3.305929 seconds.
  path: Assets/Models/LDModulaire/invert_PF.prefab
  artifactKey: Guid(05c141e552c72e947810f89da0c8915a) Importer(815301076,1909f56bfc062723c751e8b465ee728b)
Start importing Assets/Models/LDModulaire/invert_PF.prefab using Guid(05c141e552c72e947810f89da0c8915a) Importer(815301076,1909f56bfc062723c751e8b465ee728b)  -> (artifact id: 'd02eb6c64dcbb0ee021a02bc805d18d0') in 0.041569 seconds 
========================================================================
Received Import Request.
  Time since last request: 5.185814 seconds.
  path: Assets/Models/LDModulaire/invert_PF.prefab
  artifactKey: Guid(05c141e552c72e947810f89da0c8915a) Importer(815301076,1909f56bfc062723c751e8b465ee728b)
Start importing Assets/Models/LDModulaire/invert_PF.prefab using Guid(05c141e552c72e947810f89da0c8915a) Importer(815301076,1909f56bfc062723c751e8b465ee728b)  -> (artifact id: 'b2b8c1eecf0e3da9be98702eef37d4b4') in 0.004839 seconds 
========================================================================
Received Import Request.
  Time since last request: 3.266676 seconds.
  path: Assets/Models/LDModulaire/invert_PF.prefab
  artifactKey: Guid(05c141e552c72e947810f89da0c8915a) Importer(815301076,1909f56bfc062723c751e8b465ee728b)
Start importing Assets/Models/LDModulaire/invert_PF.prefab using Guid(05c141e552c72e947810f89da0c8915a) Importer(815301076,1909f56bfc062723c751e8b465ee728b)  -> (artifact id: '4b7518788dc9f148bd3d205ffa6b6f8b') in 0.070124 seconds 
========================================================================
Received Import Request.
  Time since last request: 4.555433 seconds.
  path: Assets/Models/LDModulaire/invert_PF.prefab
  artifactKey: Guid(05c141e552c72e947810f89da0c8915a) Importer(815301076,1909f56bfc062723c751e8b465ee728b)
Start importing Assets/Models/LDModulaire/invert_PF.prefab using Guid(05c141e552c72e947810f89da0c8915a) Importer(815301076,1909f56bfc062723c751e8b465ee728b)  -> (artifact id: '20f0639689eb9a7e9e5505e874392975') in 0.041650 seconds 
========================================================================
Received Import Request.
  Time since last request: 24.866401 seconds.
  path: Assets/Models/LDModulaire/invert_PF 1.prefab
  artifactKey: Guid(6d77956e66d62d74caf6b0661c43ae93) Importer(815301076,1909f56bfc062723c751e8b465ee728b)
Start importing Assets/Models/LDModulaire/invert_PF 1.prefab using Guid(6d77956e66d62d74caf6b0661c43ae93) Importer(815301076,1909f56bfc062723c751e8b465ee728b)  -> (artifact id: '503026e8288c264b9aee0af8614ed6aa') in 0.054787 seconds 
========================================================================
Received Import Request.
  Time since last request: 9.335275 seconds.
  path: Assets/Models/LDModulaire/quarter_PF.prefab
  artifactKey: Guid(6d77956e66d62d74caf6b0661c43ae93) Importer(815301076,1909f56bfc062723c751e8b465ee728b)
Start importing Assets/Models/LDModulaire/quarter_PF.prefab using Guid(6d77956e66d62d74caf6b0661c43ae93) Importer(815301076,1909f56bfc062723c751e8b465ee728b)  -> (artifact id: 'c53b08c45c1c8aee9ce79b1db7fc26dd') in 0.055529 seconds 
========================================================================
Received Import Request.
  Time since last request: 3.764999 seconds.
  path: Assets/Models/LDModulaire/quarter_PF.prefab
  artifactKey: Guid(6d77956e66d62d74caf6b0661c43ae93) Importer(815301076,1909f56bfc062723c751e8b465ee728b)
Start importing Assets/Models/LDModulaire/quarter_PF.prefab using Guid(6d77956e66d62d74caf6b0661c43ae93) Importer(815301076,1909f56bfc062723c751e8b465ee728b)  -> (artifact id: '735e7f4655cd22a2fcc4313c00ddec30') in 0.004086 seconds 
========================================================================
Received Import Request.
  Time since last request: 1.823294 seconds.
  path: Assets/Models/LDModulaire/quarter_PF.prefab
  artifactKey: Guid(6d77956e66d62d74caf6b0661c43ae93) Importer(815301076,1909f56bfc062723c751e8b465ee728b)
Start importing Assets/Models/LDModulaire/quarter_PF.prefab using Guid(6d77956e66d62d74caf6b0661c43ae93) Importer(815301076,1909f56bfc062723c751e8b465ee728b)  -> (artifact id: '3fdb4ddcb148b12faf562fb8e50d8cb2') in 0.078292 seconds 
========================================================================
Received Import Request.
  Time since last request: 33.057137 seconds.
  path: Assets/Models/LDModulaire/quarter_PF 1.prefab
  artifactKey: Guid(a1cc148da274f0643b8fe41a4d6638ec) Importer(815301076,1909f56bfc062723c751e8b465ee728b)
Start importing Assets/Models/LDModulaire/quarter_PF 1.prefab using Guid(a1cc148da274f0643b8fe41a4d6638ec) Importer(815301076,1909f56bfc062723c751e8b465ee728b)  -> (artifact id: '78e620d897646bb99faa09ec647edbf8') in 0.047306 seconds 
========================================================================
Received Import Request.
  Time since last request: 10.440489 seconds.
  path: Assets/Models/LDModulaire/straight_PF.prefab
  artifactKey: Guid(a1cc148da274f0643b8fe41a4d6638ec) Importer(815301076,1909f56bfc062723c751e8b465ee728b)
Start importing Assets/Models/LDModulaire/straight_PF.prefab using Guid(a1cc148da274f0643b8fe41a4d6638ec) Importer(815301076,1909f56bfc062723c751e8b465ee728b)  -> (artifact id: 'a6155f81344eddaf4eee95df3b2b48c2') in 0.018366 seconds 
========================================================================
Received Import Request.
  Time since last request: 2.968648 seconds.
  path: Assets/Models/LDModulaire/straight_PF.prefab
  artifactKey: Guid(a1cc148da274f0643b8fe41a4d6638ec) Importer(815301076,1909f56bfc062723c751e8b465ee728b)
Start importing Assets/Models/LDModulaire/straight_PF.prefab using Guid(a1cc148da274f0643b8fe41a4d6638ec) Importer(815301076,1909f56bfc062723c751e8b465ee728b)  -> (artifact id: 'a3b6b75113efe673d69f469304a71dfb') in 0.004153 seconds 
========================================================================
Received Import Request.
  Time since last request: 1.959854 seconds.
  path: Assets/Models/LDModulaire/straight_PF.prefab
  artifactKey: Guid(a1cc148da274f0643b8fe41a4d6638ec) Importer(815301076,1909f56bfc062723c751e8b465ee728b)
Start importing Assets/Models/LDModulaire/straight_PF.prefab using Guid(a1cc148da274f0643b8fe41a4d6638ec) Importer(815301076,1909f56bfc062723c751e8b465ee728b)  -> (artifact id: 'c11d926ac3988ea1f03f288385009f83') in 0.039864 seconds 
========================================================================
Received Import Request.
  Time since last request: 1.269660 seconds.
  path: Assets/Models/LDModulaire/straight_PF.prefab
  artifactKey: Guid(a1cc148da274f0643b8fe41a4d6638ec) Importer(815301076,1909f56bfc062723c751e8b465ee728b)
Start importing Assets/Models/LDModulaire/straight_PF.prefab using Guid(a1cc148da274f0643b8fe41a4d6638ec) Importer(815301076,1909f56bfc062723c751e8b465ee728b)  -> (artifact id: 'fb88bb736ea5de3cea6b698c7e685303') in 0.064283 seconds 
========================================================================
Received Import Request.
  Time since last request: 7.043346 seconds.
  path: Assets/Models/LDModulaire/straight_PF.prefab
  artifactKey: Guid(a1cc148da274f0643b8fe41a4d6638ec) Importer(815301076,1909f56bfc062723c751e8b465ee728b)
Start importing Assets/Models/LDModulaire/straight_PF.prefab using Guid(a1cc148da274f0643b8fe41a4d6638ec) Importer(815301076,1909f56bfc062723c751e8b465ee728b)  -> (artifact id: '69fef396040369dee9cccdaecd0bdb19') in 0.038949 seconds 
========================================================================
Received Import Request.
  Time since last request: 27.753921 seconds.
  path: Assets/Models/LDModulaire/straight_PF 1.prefab
  artifactKey: Guid(761ca81b9fdc52f4c8dd6ba1ecad64d3) Importer(815301076,1909f56bfc062723c751e8b465ee728b)
Start importing Assets/Models/LDModulaire/straight_PF 1.prefab using Guid(761ca81b9fdc52f4c8dd6ba1ecad64d3) Importer(815301076,1909f56bfc062723c751e8b465ee728b)  -> (artifact id: '3feeb7413e0cb29127439f8c739b981b') in 0.053606 seconds 
========================================================================
Received Import Request.
  Time since last request: 5.335960 seconds.
  path: Assets/Models/LDModulaire/uTurn_PF.prefab
  artifactKey: Guid(761ca81b9fdc52f4c8dd6ba1ecad64d3) Importer(815301076,1909f56bfc062723c751e8b465ee728b)
Start importing Assets/Models/LDModulaire/uTurn_PF.prefab using Guid(761ca81b9fdc52f4c8dd6ba1ecad64d3) Importer(815301076,1909f56bfc062723c751e8b465ee728b)  -> (artifact id: '302fe91a090ba19b9e4d8922e3cbfd49') in 0.018779 seconds 
========================================================================
Received Import Request.
  Time since last request: 3.197422 seconds.
  path: Assets/Models/LDModulaire/uTurn_PF.prefab
  artifactKey: Guid(761ca81b9fdc52f4c8dd6ba1ecad64d3) Importer(815301076,1909f56bfc062723c751e8b465ee728b)
Start importing Assets/Models/LDModulaire/uTurn_PF.prefab using Guid(761ca81b9fdc52f4c8dd6ba1ecad64d3) Importer(815301076,1909f56bfc062723c751e8b465ee728b)  -> (artifact id: 'baf85c82908d4992df42e83af972183c') in 0.004667 seconds 
========================================================================
Received Import Request.
  Time since last request: 2.150472 seconds.
  path: Assets/Models/LDModulaire/uTurn_PF.prefab
  artifactKey: Guid(761ca81b9fdc52f4c8dd6ba1ecad64d3) Importer(815301076,1909f56bfc062723c751e8b465ee728b)
Start importing Assets/Models/LDModulaire/uTurn_PF.prefab using Guid(761ca81b9fdc52f4c8dd6ba1ecad64d3) Importer(815301076,1909f56bfc062723c751e8b465ee728b)  -> (artifact id: '1059626ccd029f2b415cf2639da55826') in 0.053491 seconds 
========================================================================
Received Import Request.
  Time since last request: 1.190571 seconds.
  path: Assets/Models/LDModulaire/uTurn_PF.prefab
  artifactKey: Guid(761ca81b9fdc52f4c8dd6ba1ecad64d3) Importer(815301076,1909f56bfc062723c751e8b465ee728b)
Start importing Assets/Models/LDModulaire/uTurn_PF.prefab using Guid(761ca81b9fdc52f4c8dd6ba1ecad64d3) Importer(815301076,1909f56bfc062723c751e8b465ee728b)  -> (artifact id: '3f752e016b976e59868572a726759ec3') in 0.013822 seconds 
========================================================================
Received Import Request.
  Time since last request: 2.992076 seconds.
  path: Assets/Models/LDModulaire/uTurn_PF.prefab
  artifactKey: Guid(761ca81b9fdc52f4c8dd6ba1ecad64d3) Importer(815301076,1909f56bfc062723c751e8b465ee728b)
Start importing Assets/Models/LDModulaire/uTurn_PF.prefab using Guid(761ca81b9fdc52f4c8dd6ba1ecad64d3) Importer(815301076,1909f56bfc062723c751e8b465ee728b)  -> (artifact id: '9b4f73dd66b6ac99587582964dd1e7c2') in 0.035513 seconds 
========================================================================
Received Import Request.
  Time since last request: 69.795894 seconds.
  path: Assets/Prefabs
  artifactKey: Guid(99a7bbdf8dea0b1448e487b635b61b60) Importer(815301076,1909f56bfc062723c751e8b465ee728b)
Start importing Assets/Prefabs using Guid(99a7bbdf8dea0b1448e487b635b61b60) Importer(815301076,1909f56bfc062723c751e8b465ee728b)  -> (artifact id: 'a7c2f0cf14ce4b036966f71e6243eb73') in 0.020696 seconds 
========================================================================
Received Import Request.
  Time since last request: 3.196783 seconds.
  path: Assets/Prefabs/LD
  artifactKey: Guid(6b1689eedd7cf2b4ba2b6a171533244c) Importer(815301076,1909f56bfc062723c751e8b465ee728b)
Start importing Assets/Prefabs/LD using Guid(6b1689eedd7cf2b4ba2b6a171533244c) Importer(815301076,1909f56bfc062723c751e8b465ee728b)  -> (artifact id: '2e23d334b25e4d93caf39771a920d695') in 0.024748 seconds 
========================================================================
Received Import Request.
  Time since last request: 40.893692 seconds.
  path: Assets/Prefabs/LD/3-to-2_PF.prefab
  artifactKey: Guid(8d3f9f29d1542d743a46ca389feaec76) Importer(815301076,1909f56bfc062723c751e8b465ee728b)
Start importing Assets/Prefabs/LD/3-to-2_PF.prefab using Guid(8d3f9f29d1542d743a46ca389feaec76) Importer(815301076,1909f56bfc062723c751e8b465ee728b)  -> (artifact id: '698e30c44b98089dab87795da291ab9d') in 0.034911 seconds 
========================================================================
Received Import Request.
  Time since last request: 7.908935 seconds.
  path: Assets/Prefabs/LD/invert_PF.prefab
  artifactKey: Guid(05c141e552c72e947810f89da0c8915a) Importer(815301076,1909f56bfc062723c751e8b465ee728b)
Start importing Assets/Prefabs/LD/invert_PF.prefab using Guid(05c141e552c72e947810f89da0c8915a) Importer(815301076,1909f56bfc062723c751e8b465ee728b)  -> (artifact id: 'e56fd9731cee467239a052e8a3da0278') in 0.065453 seconds 
========================================================================
Received Import Request.
  Time since last request: 6.549224 seconds.
  path: Assets/Prefabs/LD/quarter_PF.prefab
  artifactKey: Guid(6d77956e66d62d74caf6b0661c43ae93) Importer(815301076,1909f56bfc062723c751e8b465ee728b)
Start importing Assets/Prefabs/LD/quarter_PF.prefab using Guid(6d77956e66d62d74caf6b0661c43ae93) Importer(815301076,1909f56bfc062723c751e8b465ee728b)  -> (artifact id: '2241e7b41f40204e7ae520ec223529f4') in 0.056395 seconds 
========================================================================
Received Import Request.
  Time since last request: 10.591981 seconds.
  path: Assets/Settings/Base Universal Render Pipeline Asset_Renderer.asset
  artifactKey: Guid(61f1438c3dc4d1e49aba61da54571e49) Importer(815301076,1909f56bfc062723c751e8b465ee728b)
Start importing Assets/Settings/Base Universal Render Pipeline Asset_Renderer.asset using Guid(61f1438c3dc4d1e49aba61da54571e49) Importer(815301076,1909f56bfc062723c751e8b465ee728b)  -> (artifact id: '755bfb3ef4f50ed97ec7ce8d593d8c8a') in 0.698525 seconds 
========================================================================
Received Import Request.
  Time since last request: 1.086251 seconds.
  path: Assets/Prefabs/LD/straight_PF.prefab
  artifactKey: Guid(a1cc148da274f0643b8fe41a4d6638ec) Importer(815301076,1909f56bfc062723c751e8b465ee728b)
Start importing Assets/Prefabs/LD/straight_PF.prefab using Guid(a1cc148da274f0643b8fe41a4d6638ec) Importer(815301076,1909f56bfc062723c751e8b465ee728b)  -> (artifact id: 'b9c0e1025538f6d2d2d1ea80ef8e164c') in 0.066597 seconds 
